#-----------------------------------------------------------
# Vivado v2018.3 (64-bit)
# SW Build 2405991 on Thu Dec  6 23:38:27 MST 2018
# IP Build 2404404 on Fri Dec  7 01:43:56 MST 2018
# Start of session at: Fri Nov 12 20:01:20 2021
# Process ID: 4844
# Current directory: E:/Users/milk/deskdop/FINAL/final_3
# Command line: vivado.exe -gui_launcher_event rodinguilauncherevent9784 E:\Users\milk\deskdop\FINAL\final_3\axi_gpio.xpr
# Log file: E:/Users/milk/deskdop/FINAL/final_3/vivado.log
# Journal file: E:/Users/milk/deskdop/FINAL/final_3\vivado.jou
#-----------------------------------------------------------
start_gui
open_project E:/Users/milk/deskdop/FINAL/final_3/axi_gpio.xpr
INFO: [Project 1-313] Project file moved from 'F:/ZYNQ/Embedded_System/axi_gpio' since last save.
Scanning sources...
Finished scanning sources
INFO: [IP_Flow 19-234] Refreshing IP repositories
INFO: [IP_Flow 19-1704] No user IP repositories specified
INFO: [IP_Flow 19-2313] Loaded Vivado IP repository 'D:/Xilinx/Vivado/2018.3/data/ip'.
open_project: Time (s): cpu = 00:00:14 ; elapsed = 00:00:06 . Memory (MB): peak = 748.340 ; gain = 120.129
update_compile_order -fileset sources_1
add_files {E:/Users/milk/deskdop/FINAL/final_1/fir.ip_user_files/sim_scripts/fir_compiler_1/activehdl/fir_compiler_1.mif E:/Users/milk/deskdop/FINAL/final_1/fir.ip_user_files/ip/fir_compiler_1/fir_compiler_1_stub.v E:/Users/milk/deskdop/FINAL/final_1/fir.srcs/sources_1/new/pll.v E:/Users/milk/deskdop/FINAL/final_1/fir.ip_user_files/sim_scripts/fir_compiler_1/riviera/glbl.v E:/Users/milk/deskdop/FINAL/final_1/fir.cache/ip/2018.3/2d049072de40e755/2d049072de40e755.xci E:/Users/milk/deskdop/FINAL/final_1/fir.srcs/sources_1/ip/fir_compiler_1/fir_compiler_1.xci E:/Users/milk/deskdop/FINAL/final_1/fir.ip_user_files/sim_scripts/clk_wiz_1/ies/glbl.v E:/Users/milk/deskdop/FINAL/final_1/fir.ip_user_files/ip/fir_compiler_2/fir_compiler_2_stub.v E:/Users/milk/deskdop/FINAL/final_1/fir.ip_user_files/sim_scripts/fir_compiler_0/questa/fir_compiler_0.mif E:/Users/milk/deskdop/FINAL/final_1/fir.cache/ip/2018.3/078224b7caf22e8d/078224b7caf22e8d.xci E:/Users/milk/deskdop/FINAL/final_1/fir.srcs/sources_1/ip/axi_uart16550_0/axi_uart16550_0.xci E:/Users/milk/deskdop/FINAL/final_1/fir.ip_user_files/sim_scripts/fir_compiler_1/xcelium/glbl.v E:/Users/milk/deskdop/FINAL/final_1/fir.runs/ila_0_synth_1/ila_0.dcp E:/Users/milk/deskdop/FINAL/final_1/fir.ip_user_files/sim_scripts/fir_compiler_0/vcs/fir_compiler_0.mif E:/Users/milk/deskdop/FINAL/final_1/fir.ip_user_files/ip/fir_compiler_2/fir_compiler_2_stub.vhdl E:/Users/milk/deskdop/FINAL/final_1/fir.ip_user_files/mem_init_files/fir_compiler_0.mif E:/Users/milk/deskdop/FINAL/final_1/fir.srcs/sources_1/ip/ila_0/ila_0.xci E:/Users/milk/deskdop/FINAL/final_1/fir.ip_user_files/sim_scripts/fir_compiler_1/vcs/glbl.v E:/Users/milk/deskdop/FINAL/final_1/fir.cache/ip/2018.3/7165972a5c65dc55/7165972a5c65dc55.xci E:/Users/milk/deskdop/FINAL/final_1/fir.ip_user_files/sim_scripts/fir_compiler_1/xcelium/fir_compiler_1.mif E:/Users/milk/deskdop/FINAL/final_1/fir.cache/ip/2018.3/14cbc274806f9634/14cbc274806f9634.xci E:/Users/milk/deskdop/FINAL/final_1/fir.ip_user_files/sim_scripts/fir_compiler_2/ies/fir_compiler_2.mif E:/Users/milk/deskdop/FINAL/final_1/fir.ip_user_files/ip/fir_compiler_0/fir_compiler_0_stub.v E:/Users/milk/deskdop/FINAL/final_1/fir.ip_user_files/mem_init_files/fir_compiler_2.mif E:/Users/milk/deskdop/FINAL/final_1/fir.cache/ip/2018.3/b5b762810d755dc6/b5b762810d755dc6.xci E:/Users/milk/deskdop/FINAL/final_1/fir.ip_user_files/sim_scripts/fir_compiler_1/riviera/fir_compiler_1.mif E:/Users/milk/deskdop/FINAL/final_1/fir.ip_user_files/sim_scripts/fir_compiler_0/questa/glbl.v E:/Users/milk/deskdop/FINAL/final_1/fir.ip_user_files/ipstatic/hdl/xbip_utils_v3_0_vh_rfs.vhd E:/Users/milk/deskdop/FINAL/final_1/fir.srcs/sources_1/ip/fir_compiler_0/fir_compiler_0.xci E:/Users/milk/deskdop/FINAL/final_1/fir.cache/ip/2018.3/280410779116e6f2/280410779116e6f2.xci E:/Users/milk/deskdop/FINAL/final_1/fir.ip_user_files/sim_scripts/fir_compiler_0/xsim/glbl.v E:/Users/milk/deskdop/FINAL/final_1/fir.ip_user_files/sim_scripts/ila_0/questa/glbl.v E:/Users/milk/deskdop/FINAL/final_1/fir.ip_user_files/sim_scripts/fir_compiler_1/ies/glbl.v E:/Users/milk/deskdop/FINAL/final_1/fir.runs/fir_compiler_0_synth_1/fir_compiler_0_stub.v E:/Users/milk/deskdop/FINAL/final_1/fir.ip_user_files/sim_scripts/fir_compiler_2/xsim/glbl.v E:/Users/milk/deskdop/FINAL/final_1/fir.ip_user_files/sim_scripts/fir_compiler_1/xsim/glbl.v E:/Users/milk/deskdop/FINAL/final_1/fir.ip_user_files/sim_scripts/clk_wiz_1/modelsim/glbl.v E:/Users/milk/deskdop/FINAL/final_1/fir.runs/fir_compiler_0_synth_1/fir_compiler_0_sim_netlist.vhdl E:/Users/milk/deskdop/FINAL/final_1/fir.cache/ip/2018.3/2fd3cc126cc61f9b/2fd3cc126cc61f9b.xci E:/Users/milk/deskdop/FINAL/final_1/fir.ip_user_files/sim_scripts/fir_compiler_2/vcs/glbl.v E:/Users/milk/deskdop/FINAL/final_1/fir.runs/fir_compiler_2_synth_1/fir_compiler_2.dcp E:/Users/milk/deskdop/FINAL/final_1/fir.srcs/sources_1/new/uart.v E:/Users/milk/deskdop/FINAL/final_1/fir.ip_user_files/ip/fir_compiler_0/fir_compiler_0_stub.vhdl E:/Users/milk/deskdop/FINAL/final_1/fir.ip_user_files/sim_scripts/clk_wiz_1/activehdl/glbl.v E:/Users/milk/deskdop/FINAL/final_1/fir.srcs/sources_1/ip/clk_wiz_1/clk_wiz_1.xci E:/Users/milk/deskdop/FINAL/final_1/fir.srcs/sources_1/ip/fir_compiler_2/fir_compiler_2.xci E:/Users/milk/deskdop/FINAL/final_1/fir.ip_user_files/sim_scripts/fir_compiler_0/xsim/fir_compiler_0.mif E:/Users/milk/deskdop/FINAL/final_1/fir.ip_user_files/sim_scripts/fir_compiler_1/ies/fir_compiler_1.mif E:/Users/milk/deskdop/FINAL/final_1/fir.ip_user_files/sim_scripts/fir_compiler_1/questa/glbl.v E:/Users/milk/deskdop/FINAL/final_1/fir.runs/fir_compiler_0_synth_1/fir_compiler_0_sim_netlist.v E:/Users/milk/deskdop/FINAL/final_1/fir.ip_user_files/sim_scripts/fir_compiler_1/activehdl/glbl.v E:/Users/milk/deskdop/FINAL/final_1/fir.cache/ip/2018.3/a794457caf28b3c6/a794457caf28b3c6.xci E:/Users/milk/deskdop/FINAL/final_1/fir.ip_user_files/sim_scripts/fir_compiler_0/xcelium/fir_compiler_0.mif E:/Users/milk/deskdop/FINAL/final_1/fir.srcs/sources_1/new/ask.v E:/Users/milk/deskdop/FINAL/final_1/fir.ip_user_files/ipstatic/hdl/fir_compiler_v7_2_vh_rfs.vhd E:/Users/milk/deskdop/FINAL/final_1/fir.ip_user_files/sim_scripts/fir_compiler_1/questa/fir_compiler_1.mif E:/Users/milk/deskdop/FINAL/final_1/fir.runs/fir_compiler_0_synth_1/fir_compiler_0_stub.vhdl E:/Users/milk/deskdop/FINAL/final_1/fir.ip_user_files/sim_scripts/fir_compiler_0/riviera/fir_compiler_0.mif E:/Users/milk/deskdop/FINAL/final_1/fir.ip_user_files/sim_scripts/fir_compiler_2/vcs/fir_compiler_2.mif E:/Users/milk/deskdop/FINAL/final_1/fir.ip_user_files/sim_scripts/fir_compiler_2/questa/glbl.v E:/Users/milk/deskdop/FINAL/final_1/fir.ip_user_files/sim_scripts/fir_compiler_0/ies/glbl.v E:/Users/milk/deskdop/FINAL/final_1/fir.ip_user_files/sim_scripts/ila_0/activehdl/glbl.v E:/Users/milk/deskdop/FINAL/final_1/fir.ip_user_files/sim_scripts/fir_compiler_0/modelsim/glbl.v E:/Users/milk/deskdop/FINAL/final_1/fir.ip_user_files/sim_scripts/fir_compiler_2/modelsim/fir_compiler_2.mif E:/Users/milk/deskdop/FINAL/final_1/fir.cache/ip/2018.3/e88054b7220bef69/e88054b7220bef69.xci E:/Users/milk/deskdop/FINAL/final_1/fir.ip_user_files/ipstatic/hdl/axi_utils_v2_0_vh_rfs.vhd E:/Users/milk/deskdop/FINAL/final_1/fir.ip_user_files/mem_init_files/fir_compiler_1.mif E:/Users/milk/deskdop/FINAL/final_1/fir.ip_user_files/sim_scripts/fir_compiler_1/modelsim/glbl.v E:/Users/milk/deskdop/FINAL/final_1/fir.ip_user_files/sim_scripts/fir_compiler_0/ies/fir_compiler_0.mif E:/Users/milk/deskdop/FINAL/final_1/fir.ip_user_files/sim_scripts/fir_compiler_2/ies/glbl.v E:/Users/milk/deskdop/FINAL/final_1/fir.srcs/sources_1/new/reg.v E:/Users/milk/deskdop/FINAL/final_1/fir.ip_user_files/sim_scripts/clk_wiz_1/xcelium/glbl.v E:/Users/milk/deskdop/FINAL/final_1/fir.ip_user_files/sim_scripts/fir_compiler_1/xsim/fir_compiler_1.mif E:/Users/milk/deskdop/FINAL/final_1/fir.ip_user_files/sim_scripts/fir_compiler_0/activehdl/fir_compiler_0.mif E:/Users/milk/deskdop/FINAL/final_1/fir.ip_user_files/sim_scripts/clk_wiz_1/xsim/glbl.v E:/Users/milk/deskdop/FINAL/final_1/fir.srcs/sources_1/new/ad_receiver.v E:/Users/milk/deskdop/FINAL/final_1/fir.ip_user_files/sim_scripts/fir_compiler_2/activehdl/glbl.v E:/Users/milk/deskdop/FINAL/final_1/fir.ip_user_files/sim_scripts/clk_wiz_1/riviera/glbl.v E:/Users/milk/deskdop/FINAL/final_1/fir.ip_user_files/sim_scripts/clk_wiz_1/vcs/glbl.v E:/Users/milk/deskdop/FINAL/final_1/fir.cache/ip/2018.3/3bcc2eb3227ca085/3bcc2eb3227ca085.xci E:/Users/milk/deskdop/FINAL/final_1/fir.cache/ip/2018.3/ac19b9a21d04d328/ac19b9a21d04d328.xci E:/Users/milk/deskdop/FINAL/final_1/fir.srcs/sources_1/ip/clk_wiz_0/clk_wiz_0.xci E:/Users/milk/deskdop/FINAL/final_1/fir.ip_user_files/sim_scripts/fir_compiler_0/modelsim/fir_compiler_0.mif E:/Users/milk/deskdop/FINAL/final_1/fir.ip_user_files/sim_scripts/fir_compiler_0/vcs/glbl.v E:/Users/milk/deskdop/FINAL/final_1/fir.ip_user_files/ip/ila_0/ila_0_stub.v E:/Users/milk/deskdop/FINAL/final_1/fir.ip_user_files/sim_scripts/fir_compiler_1/vcs/fir_compiler_1.mif E:/Users/milk/deskdop/FINAL/final_1/fir.srcs/sources_1/new/gate.v E:/Users/milk/deskdop/FINAL/final_1/fir.ip_user_files/sim_scripts/fir_compiler_2/riviera/glbl.v E:/Users/milk/deskdop/FINAL/final_1/fir.srcs/sources_1/new/HC595.v E:/Users/milk/deskdop/FINAL/final_1/fir.ip_user_files/sim_scripts/fir_compiler_0/xcelium/glbl.v E:/Users/milk/deskdop/FINAL/final_1/fir.ip_user_files/sim_scripts/fir_compiler_2/questa/fir_compiler_2.mif E:/Users/milk/deskdop/FINAL/final_1/fir.ip_user_files/sim_scripts/ila_0/ies/glbl.v E:/Users/milk/deskdop/FINAL/final_1/fir.ip_user_files/ip/ila_0/ila_0_stub.vhdl E:/Users/milk/deskdop/FINAL/final_1/fir.ip_user_files/sim_scripts/fir_compiler_2/modelsim/glbl.v E:/Users/milk/deskdop/FINAL/final_1/fir.srcs/sources_1/new/receiver.v E:/Users/milk/deskdop/FINAL/final_1/fir.ip_user_files/sim_scripts/fir_compiler_1/modelsim/fir_compiler_1.mif E:/Users/milk/deskdop/FINAL/final_1/fir.srcs/sources_1/new/LED_SPI.v E:/Users/milk/deskdop/FINAL/final_1/fir.ip_user_files/sim_scripts/fir_compiler_0/activehdl/glbl.v E:/Users/milk/deskdop/FINAL/final_1/fir.ip_user_files/sim_scripts/ila_0/modelsim/glbl.v E:/Users/milk/deskdop/FINAL/final_1/fir.runs/fir_compiler_1_synth_1/fir_compiler_1.dcp E:/Users/milk/deskdop/FINAL/final_1/fir.runs/fir_compiler_0_synth_1/fir_compiler_0.dcp E:/Users/milk/deskdop/FINAL/final_1/fir.srcs/sources_1/new/devide.v E:/Users/milk/deskdop/FINAL/final_1/fir.ip_user_files/sim_scripts/fir_compiler_2/xsim/fir_compiler_2.mif E:/Users/milk/deskdop/FINAL/final_1/fir.ip_user_files/sim_scripts/clk_wiz_1/questa/glbl.v E:/Users/milk/deskdop/FINAL/final_1/fir.ip_user_files/sim_scripts/fir_compiler_2/xcelium/glbl.v E:/Users/milk/deskdop/FINAL/final_1/fir.ip_user_files/sim_scripts/ila_0/xcelium/glbl.v E:/Users/milk/deskdop/FINAL/final_1/fir.ip_user_files/sim_scripts/fir_compiler_2/activehdl/fir_compiler_2.mif E:/Users/milk/deskdop/FINAL/final_1/fir.cache/ip/2018.3/31ca7a70c1119686/31ca7a70c1119686.xci E:/Users/milk/deskdop/FINAL/final_1/fir.ip_user_files/sim_scripts/ila_0/xsim/glbl.v E:/Users/milk/deskdop/FINAL/final_1/fir.ip_user_files/sim_scripts/ila_0/vcs/glbl.v E:/Users/milk/deskdop/FINAL/final_1/fir.ip_user_files/sim_scripts/fir_compiler_2/xcelium/fir_compiler_2.mif E:/Users/milk/deskdop/FINAL/final_1/fir.ip_user_files/sim_scripts/ila_0/riviera/glbl.v E:/Users/milk/deskdop/FINAL/final_1/fir.cache/ip/2018.3/0a20752ef624f45b/0a20752ef624f45b.xci E:/Users/milk/deskdop/FINAL/final_1/fir.cache/ip/2018.3/e5b8d8ff7bc6ef5a/e5b8d8ff7bc6ef5a.xci E:/Users/milk/deskdop/FINAL/final_1/fir.ip_user_files/sim_scripts/fir_compiler_0/riviera/glbl.v E:/Users/milk/deskdop/FINAL/final_1/fir_compiler_0.mif E:/Users/milk/deskdop/FINAL/final_1/fir.runs/synth_1/receiver.dcp E:/Users/milk/deskdop/FINAL/final_1/fir.ip_user_files/ip/fir_compiler_1/fir_compiler_1_stub.vhdl E:/Users/milk/deskdop/FINAL/final_1/fir.ip_user_files/sim_scripts/fir_compiler_2/riviera/fir_compiler_2.mif}
CRITICAL WARNING: [Project 1-863] The design checkpoint file E:/Users/milk/deskdop/FINAL/final_1/fir.runs/ila_0_synth_1/ila_0.dcp was generated for a block design or an IP or BD by an out of context synthesis run and should not directly be used as a source in a Vivado flow to refer to an IP source.  As of 2017.1, the DCP from OOC runs will not contain XDC timing constraints because these are expected to be referred to by the IP .xci or .xcix file source. DCP files prior to 2017.1 will contain incorrect constraints because they were generated with default OOC clock period which will not likely match your top level clock constraints when used in the full design context. 
 
add_files: Time (s): cpu = 00:00:47 ; elapsed = 00:00:43 . Memory (MB): peak = 1231.770 ; gain = 358.473
export_ip_user_files -of_objects  [get_files  {E:/Users/milk/deskdop/FINAL/final_1/fir.cache/ip/2018.3/2d049072de40e755/2d049072de40e755.xci E:/Users/milk/deskdop/FINAL/final_1/fir.srcs/sources_1/ip/fir_compiler_1/fir_compiler_1.xci E:/Users/milk/deskdop/FINAL/final_1/fir.cache/ip/2018.3/078224b7caf22e8d/078224b7caf22e8d.xci E:/Users/milk/deskdop/FINAL/final_1/fir.srcs/sources_1/ip/axi_uart16550_0/axi_uart16550_0.xci E:/Users/milk/deskdop/FINAL/final_1/fir.srcs/sources_1/ip/ila_0/ila_0.xci E:/Users/milk/deskdop/FINAL/final_1/fir.cache/ip/2018.3/7165972a5c65dc55/7165972a5c65dc55.xci E:/Users/milk/deskdop/FINAL/final_1/fir.cache/ip/2018.3/14cbc274806f9634/14cbc274806f9634.xci E:/Users/milk/deskdop/FINAL/final_1/fir.cache/ip/2018.3/b5b762810d755dc6/b5b762810d755dc6.xci E:/Users/milk/deskdop/FINAL/final_1/fir.srcs/sources_1/ip/fir_compiler_0/fir_compiler_0.xci E:/Users/milk/deskdop/FINAL/final_1/fir.cache/ip/2018.3/280410779116e6f2/280410779116e6f2.xci E:/Users/milk/deskdop/FINAL/final_1/fir.cache/ip/2018.3/2fd3cc126cc61f9b/2fd3cc126cc61f9b.xci E:/Users/milk/deskdop/FINAL/final_1/fir.srcs/sources_1/ip/clk_wiz_1/clk_wiz_1.xci E:/Users/milk/deskdop/FINAL/final_1/fir.srcs/sources_1/ip/fir_compiler_2/fir_compiler_2.xci E:/Users/milk/deskdop/FINAL/final_1/fir.cache/ip/2018.3/a794457caf28b3c6/a794457caf28b3c6.xci E:/Users/milk/deskdop/FINAL/final_1/fir.cache/ip/2018.3/e88054b7220bef69/e88054b7220bef69.xci E:/Users/milk/deskdop/FINAL/final_1/fir.cache/ip/2018.3/3bcc2eb3227ca085/3bcc2eb3227ca085.xci E:/Users/milk/deskdop/FINAL/final_1/fir.cache/ip/2018.3/ac19b9a21d04d328/ac19b9a21d04d328.xci E:/Users/milk/deskdop/FINAL/final_1/fir.srcs/sources_1/ip/clk_wiz_0/clk_wiz_0.xci E:/Users/milk/deskdop/FINAL/final_1/fir.cache/ip/2018.3/31ca7a70c1119686/31ca7a70c1119686.xci E:/Users/milk/deskdop/FINAL/final_1/fir.cache/ip/2018.3/0a20752ef624f45b/0a20752ef624f45b.xci E:/Users/milk/deskdop/FINAL/final_1/fir.cache/ip/2018.3/e5b8d8ff7bc6ef5a/e5b8d8ff7bc6ef5a.xci}] -lib_map_path [list {modelsim=E:/Users/milk/deskdop/FINAL/final_3/axi_gpio.cache/compile_simlib/modelsim} {questa=E:/Users/milk/deskdop/FINAL/final_3/axi_gpio.cache/compile_simlib/questa} {riviera=E:/Users/milk/deskdop/FINAL/final_3/axi_gpio.cache/compile_simlib/riviera} {activehdl=E:/Users/milk/deskdop/FINAL/final_3/axi_gpio.cache/compile_simlib/activehdl}] -force -quiet
update_compile_order -fileset sources_1
add_files {E:/Users/milk/deskdop/FINAL/final_1/fir.srcs/sources_1/new/ad_receiver.v E:/Users/milk/deskdop/FINAL/final_1/fir.srcs/sources_1/new/pll.v E:/Users/milk/deskdop/FINAL/final_1/fir.srcs/sources_1/ip/ila_0/ila_0.xci E:/Users/milk/deskdop/FINAL/final_1/fir.srcs/sources_1/new/gate.v E:/Users/milk/deskdop/FINAL/final_1/fir.srcs/sources_1/new/HC595.v E:/Users/milk/deskdop/FINAL/final_1/fir.srcs/sources_1/ip/clk_wiz_0/clk_wiz_0.xci E:/Users/milk/deskdop/FINAL/final_1/fir.srcs/sources_1/new/ask.v E:/Users/milk/deskdop/FINAL/final_1/fir.srcs/sources_1/ip/fir_compiler_1/fir_compiler_1.xci E:/Users/milk/deskdop/FINAL/final_1/fir.srcs/sources_1/ip/axi_uart16550_0/axi_uart16550_0.xci E:/Users/milk/deskdop/FINAL/final_1/fir.srcs/sources_1/new/receiver.v E:/Users/milk/deskdop/FINAL/final_1/fir.srcs/sources_1/new/reg.v E:/Users/milk/deskdop/FINAL/final_1/fir.srcs/sources_1/new/LED_SPI.v E:/Users/milk/deskdop/FINAL/final_1/fir.srcs/sources_1/new/uart.v E:/Users/milk/deskdop/FINAL/final_1/fir.srcs/sources_1/ip/clk_wiz_1/clk_wiz_1.xci E:/Users/milk/deskdop/FINAL/final_1/fir.srcs/sources_1/new/devide.v E:/Users/milk/deskdop/FINAL/final_1/fir.srcs/sources_1/ip/fir_compiler_0/fir_compiler_0.xci E:/Users/milk/deskdop/FINAL/final_1/fir.srcs/sources_1/ip/fir_compiler_2/fir_compiler_2.xci}
CRITICAL WARNING: [Vivado 12-1462] The source file is already part of the fileset 'sources_1'. Requested source 'E:/Users/milk/deskdop/FINAL/final_1/fir.srcs/sources_1/ip/ila_0/ila_0.xci' will not be added.
CRITICAL WARNING: [Vivado 12-1462] The source file is already part of the fileset 'sources_1'. Requested source 'E:/Users/milk/deskdop/FINAL/final_1/fir.srcs/sources_1/ip/clk_wiz_0/clk_wiz_0.xci' will not be added.
CRITICAL WARNING: [Vivado 12-1462] The source file is already part of the fileset 'sources_1'. Requested source 'E:/Users/milk/deskdop/FINAL/final_1/fir.srcs/sources_1/ip/fir_compiler_1/fir_compiler_1.xci' will not be added.
CRITICAL WARNING: [Vivado 12-1462] The source file is already part of the fileset 'sources_1'. Requested source 'E:/Users/milk/deskdop/FINAL/final_1/fir.srcs/sources_1/ip/axi_uart16550_0/axi_uart16550_0.xci' will not be added.
CRITICAL WARNING: [Vivado 12-1462] The source file is already part of the fileset 'sources_1'. Requested source 'E:/Users/milk/deskdop/FINAL/final_1/fir.srcs/sources_1/ip/clk_wiz_1/clk_wiz_1.xci' will not be added.
CRITICAL WARNING: [Vivado 12-1462] The source file is already part of the fileset 'sources_1'. Requested source 'E:/Users/milk/deskdop/FINAL/final_1/fir.srcs/sources_1/ip/fir_compiler_0/fir_compiler_0.xci' will not be added.
CRITICAL WARNING: [Vivado 12-1462] The source file is already part of the fileset 'sources_1'. Requested source 'E:/Users/milk/deskdop/FINAL/final_1/fir.srcs/sources_1/ip/fir_compiler_2/fir_compiler_2.xci' will not be added.
WARNING: [filemgmt 56-12] File 'E:/Users/milk/deskdop/FINAL/final_1/fir.srcs/sources_1/new/ad_receiver.v' cannot be added to the project because it already exists in the project, skipping this file
WARNING: [filemgmt 56-12] File 'E:/Users/milk/deskdop/FINAL/final_1/fir.srcs/sources_1/new/pll.v' cannot be added to the project because it already exists in the project, skipping this file
WARNING: [filemgmt 56-12] File 'E:/Users/milk/deskdop/FINAL/final_1/fir.srcs/sources_1/new/gate.v' cannot be added to the project because it already exists in the project, skipping this file
WARNING: [filemgmt 56-12] File 'E:/Users/milk/deskdop/FINAL/final_1/fir.srcs/sources_1/new/HC595.v' cannot be added to the project because it already exists in the project, skipping this file
WARNING: [filemgmt 56-12] File 'E:/Users/milk/deskdop/FINAL/final_1/fir.srcs/sources_1/new/ask.v' cannot be added to the project because it already exists in the project, skipping this file
WARNING: [filemgmt 56-12] File 'E:/Users/milk/deskdop/FINAL/final_1/fir.srcs/sources_1/new/receiver.v' cannot be added to the project because it already exists in the project, skipping this file
WARNING: [filemgmt 56-12] File 'E:/Users/milk/deskdop/FINAL/final_1/fir.srcs/sources_1/new/reg.v' cannot be added to the project because it already exists in the project, skipping this file
WARNING: [filemgmt 56-12] File 'E:/Users/milk/deskdop/FINAL/final_1/fir.srcs/sources_1/new/LED_SPI.v' cannot be added to the project because it already exists in the project, skipping this file
WARNING: [filemgmt 56-12] File 'E:/Users/milk/deskdop/FINAL/final_1/fir.srcs/sources_1/new/uart.v' cannot be added to the project because it already exists in the project, skipping this file
WARNING: [filemgmt 56-12] File 'E:/Users/milk/deskdop/FINAL/final_1/fir.srcs/sources_1/new/devide.v' cannot be added to the project because it already exists in the project, skipping this file
export_ip_user_files -of_objects  [get_files  {E:/Users/milk/deskdop/FINAL/final_1/fir.srcs/sources_1/ip/ila_0/ila_0.xci E:/Users/milk/deskdop/FINAL/final_1/fir.srcs/sources_1/ip/clk_wiz_0/clk_wiz_0.xci E:/Users/milk/deskdop/FINAL/final_1/fir.srcs/sources_1/ip/fir_compiler_1/fir_compiler_1.xci E:/Users/milk/deskdop/FINAL/final_1/fir.srcs/sources_1/ip/axi_uart16550_0/axi_uart16550_0.xci E:/Users/milk/deskdop/FINAL/final_1/fir.srcs/sources_1/ip/clk_wiz_1/clk_wiz_1.xci E:/Users/milk/deskdop/FINAL/final_1/fir.srcs/sources_1/ip/fir_compiler_0/fir_compiler_0.xci E:/Users/milk/deskdop/FINAL/final_1/fir.srcs/sources_1/ip/fir_compiler_2/fir_compiler_2.xci}] -lib_map_path [list {modelsim=E:/Users/milk/deskdop/FINAL/final_3/axi_gpio.cache/compile_simlib/modelsim} {questa=E:/Users/milk/deskdop/FINAL/final_3/axi_gpio.cache/compile_simlib/questa} {riviera=E:/Users/milk/deskdop/FINAL/final_3/axi_gpio.cache/compile_simlib/riviera} {activehdl=E:/Users/milk/deskdop/FINAL/final_3/axi_gpio.cache/compile_simlib/activehdl}] -force -quiet
export_ip_user_files -of_objects  [get_files E:/Users/milk/deskdop/FINAL/final_1/fir.cache/ip/2018.3/078224b7caf22e8d/078224b7caf22e8d.xci] -no_script -reset -force -quiet
export_ip_user_files -of_objects  [get_files E:/Users/milk/deskdop/FINAL/final_1/fir.cache/ip/2018.3/0a20752ef624f45b/0a20752ef624f45b.xci] -no_script -reset -force -quiet
export_ip_user_files -of_objects  [get_files E:/Users/milk/deskdop/FINAL/final_1/fir.cache/ip/2018.3/14cbc274806f9634/14cbc274806f9634.xci] -no_script -reset -force -quiet
export_ip_user_files -of_objects  [get_files E:/Users/milk/deskdop/FINAL/final_1/fir.cache/ip/2018.3/280410779116e6f2/280410779116e6f2.xci] -no_script -reset -force -quiet
export_ip_user_files -of_objects  [get_files E:/Users/milk/deskdop/FINAL/final_1/fir.cache/ip/2018.3/2d049072de40e755/2d049072de40e755.xci] -no_script -reset -force -quiet
export_ip_user_files -of_objects  [get_files E:/Users/milk/deskdop/FINAL/final_1/fir.cache/ip/2018.3/2fd3cc126cc61f9b/2fd3cc126cc61f9b.xci] -no_script -reset -force -quiet
export_ip_user_files -of_objects  [get_files E:/Users/milk/deskdop/FINAL/final_1/fir.cache/ip/2018.3/31ca7a70c1119686/31ca7a70c1119686.xci] -no_script -reset -force -quiet
export_ip_user_files -of_objects  [get_files E:/Users/milk/deskdop/FINAL/final_1/fir.cache/ip/2018.3/3bcc2eb3227ca085/3bcc2eb3227ca085.xci] -no_script -reset -force -quiet
export_ip_user_files -of_objects  [get_files E:/Users/milk/deskdop/FINAL/final_1/fir.cache/ip/2018.3/7165972a5c65dc55/7165972a5c65dc55.xci] -no_script -reset -force -quiet
export_ip_user_files -of_objects  [get_files E:/Users/milk/deskdop/FINAL/final_1/fir.cache/ip/2018.3/a794457caf28b3c6/a794457caf28b3c6.xci] -no_script -reset -force -quiet
export_ip_user_files -of_objects  [get_files E:/Users/milk/deskdop/FINAL/final_1/fir.cache/ip/2018.3/ac19b9a21d04d328/ac19b9a21d04d328.xci] -no_script -reset -force -quiet
export_ip_user_files -of_objects  [get_files E:/Users/milk/deskdop/FINAL/final_1/fir.srcs/sources_1/ip/axi_uart16550_0/axi_uart16550_0.xci] -no_script -reset -force -quiet
export_ip_user_files -of_objects  [get_files E:/Users/milk/deskdop/FINAL/final_1/fir.cache/ip/2018.3/b5b762810d755dc6/b5b762810d755dc6.xci] -no_script -reset -force -quiet
remove_files  {E:/Users/milk/deskdop/FINAL/final_1/fir.cache/ip/2018.3/078224b7caf22e8d/078224b7caf22e8d.xci E:/Users/milk/deskdop/FINAL/final_1/fir.cache/ip/2018.3/0a20752ef624f45b/0a20752ef624f45b.xci E:/Users/milk/deskdop/FINAL/final_1/fir.cache/ip/2018.3/14cbc274806f9634/14cbc274806f9634.xci E:/Users/milk/deskdop/FINAL/final_1/fir.cache/ip/2018.3/280410779116e6f2/280410779116e6f2.xci E:/Users/milk/deskdop/FINAL/final_1/fir.cache/ip/2018.3/2d049072de40e755/2d049072de40e755.xci E:/Users/milk/deskdop/FINAL/final_1/fir.cache/ip/2018.3/2fd3cc126cc61f9b/2fd3cc126cc61f9b.xci E:/Users/milk/deskdop/FINAL/final_1/fir.cache/ip/2018.3/31ca7a70c1119686/31ca7a70c1119686.xci E:/Users/milk/deskdop/FINAL/final_1/fir.cache/ip/2018.3/3bcc2eb3227ca085/3bcc2eb3227ca085.xci E:/Users/milk/deskdop/FINAL/final_1/fir.cache/ip/2018.3/7165972a5c65dc55/7165972a5c65dc55.xci E:/Users/milk/deskdop/FINAL/final_1/fir.cache/ip/2018.3/a794457caf28b3c6/a794457caf28b3c6.xci E:/Users/milk/deskdop/FINAL/final_1/fir.cache/ip/2018.3/ac19b9a21d04d328/ac19b9a21d04d328.xci E:/Users/milk/deskdop/FINAL/final_1/fir.srcs/sources_1/ip/axi_uart16550_0/axi_uart16550_0.xci E:/Users/milk/deskdop/FINAL/final_1/fir.cache/ip/2018.3/b5b762810d755dc6/b5b762810d755dc6.xci}
export_ip_user_files -of_objects  [get_files E:/Users/milk/deskdop/FINAL/final_1/fir.cache/ip/2018.3/e5b8d8ff7bc6ef5a/e5b8d8ff7bc6ef5a.xci] -no_script -reset -force -quiet
export_ip_user_files -of_objects  [get_files E:/Users/milk/deskdop/FINAL/final_1/fir.cache/ip/2018.3/e88054b7220bef69/e88054b7220bef69.xci] -no_script -reset -force -quiet
export_ip_user_files -of_objects  [get_files E:/Users/milk/deskdop/FINAL/final_1/fir.runs/fir_compiler_0_synth_1/fir_compiler_0_stub.vhdl] -no_script -reset -force -quiet
export_ip_user_files -of_objects  [get_files E:/Users/milk/deskdop/FINAL/final_1/fir.runs/fir_compiler_0_synth_1/fir_compiler_0_sim_netlist.v] -no_script -reset -force -quiet
export_ip_user_files -of_objects  [get_files E:/Users/milk/deskdop/FINAL/final_1/fir.ip_user_files/ip/fir_compiler_0/fir_compiler_0_stub.vhdl] -no_script -reset -force -quiet
export_ip_user_files -of_objects  [get_files E:/Users/milk/deskdop/FINAL/final_1/fir.ip_user_files/ip/fir_compiler_1/fir_compiler_1_stub.vhdl] -no_script -reset -force -quiet
export_ip_user_files -of_objects  [get_files E:/Users/milk/deskdop/FINAL/final_1/fir.ip_user_files/ip/fir_compiler_2/fir_compiler_2_stub.vhdl] -no_script -reset -force -quiet
export_ip_user_files -of_objects  [get_files E:/Users/milk/deskdop/FINAL/final_1/fir.ip_user_files/ip/ila_0/ila_0_stub.v] -no_script -reset -force -quiet
export_ip_user_files -of_objects  [get_files E:/Users/milk/deskdop/FINAL/final_1/fir.srcs/sources_1/ip/ila_0/ila_0.xci] -no_script -reset -force -quiet
export_ip_user_files -of_objects  [get_files E:/Users/milk/deskdop/FINAL/final_1/fir.ip_user_files/ip/ila_0/ila_0_stub.vhdl] -no_script -reset -force -quiet
export_ip_user_files -of_objects  [get_files E:/Users/milk/deskdop/FINAL/final_1/fir.runs/synth_1/receiver.dcp] -no_script -reset -force -quiet
export_ip_user_files -of_objects  [get_files E:/Users/milk/deskdop/FINAL/final_1/fir.srcs/sources_1/new/reg.v] -no_script -reset -force -quiet
remove_files  {E:/Users/milk/deskdop/FINAL/final_1/fir.cache/ip/2018.3/e5b8d8ff7bc6ef5a/e5b8d8ff7bc6ef5a.xci E:/Users/milk/deskdop/FINAL/final_1/fir.cache/ip/2018.3/e88054b7220bef69/e88054b7220bef69.xci E:/Users/milk/deskdop/FINAL/final_1/fir.runs/fir_compiler_0_synth_1/fir_compiler_0_stub.vhdl E:/Users/milk/deskdop/FINAL/final_1/fir.runs/fir_compiler_0_synth_1/fir_compiler_0_sim_netlist.v E:/Users/milk/deskdop/FINAL/final_1/fir.ip_user_files/ip/fir_compiler_0/fir_compiler_0_stub.vhdl E:/Users/milk/deskdop/FINAL/final_1/fir.ip_user_files/ip/fir_compiler_1/fir_compiler_1_stub.vhdl E:/Users/milk/deskdop/FINAL/final_1/fir.ip_user_files/ip/fir_compiler_2/fir_compiler_2_stub.vhdl E:/Users/milk/deskdop/FINAL/final_1/fir.ip_user_files/ip/ila_0/ila_0_stub.v E:/Users/milk/deskdop/FINAL/final_1/fir.srcs/sources_1/ip/ila_0/ila_0.xci E:/Users/milk/deskdop/FINAL/final_1/fir.ip_user_files/ip/ila_0/ila_0_stub.vhdl E:/Users/milk/deskdop/FINAL/final_1/fir.runs/synth_1/receiver.dcp E:/Users/milk/deskdop/FINAL/final_1/fir.srcs/sources_1/new/reg.v}
export_ip_user_files -of_objects  [get_files E:/Users/milk/deskdop/FINAL/final_1/fir.ip_user_files/ipstatic/hdl/fir_compiler_v7_2_vh_rfs.vhd] -no_script -reset -force -quiet
export_ip_user_files -of_objects  [get_files E:/Users/milk/deskdop/FINAL/final_1/fir.runs/fir_compiler_0_synth_1/fir_compiler_0_stub.v] -no_script -reset -force -quiet
export_ip_user_files -of_objects  [get_files E:/Users/milk/deskdop/FINAL/final_1/fir.srcs/sources_1/new/LED_SPI.v] -no_script -reset -force -quiet
export_ip_user_files -of_objects  [get_files E:/Users/milk/deskdop/FINAL/final_1/fir.ip_user_files/sim_scripts/clk_wiz_1/activehdl/glbl.v] -no_script -reset -force -quiet
export_ip_user_files -of_objects  [get_files E:/Users/milk/deskdop/FINAL/final_1/fir.runs/ila_0_synth_1/ila_0.dcp] -no_script -reset -force -quiet
remove_files  {E:/Users/milk/deskdop/FINAL/final_1/fir.ip_user_files/ipstatic/hdl/fir_compiler_v7_2_vh_rfs.vhd E:/Users/milk/deskdop/FINAL/final_1/fir.runs/fir_compiler_0_synth_1/fir_compiler_0_stub.v E:/Users/milk/deskdop/FINAL/final_1/fir.srcs/sources_1/new/LED_SPI.v E:/Users/milk/deskdop/FINAL/final_1/fir.ip_user_files/sim_scripts/clk_wiz_1/activehdl/glbl.v E:/Users/milk/deskdop/FINAL/final_1/fir.runs/ila_0_synth_1/ila_0.dcp}
export_ip_user_files -of_objects  [get_files E:/Users/milk/deskdop/FINAL/final_1/fir.runs/fir_compiler_0_synth_1/fir_compiler_0_sim_netlist.vhdl] -no_script -reset -force -quiet
remove_files  E:/Users/milk/deskdop/FINAL/final_1/fir.runs/fir_compiler_0_synth_1/fir_compiler_0_sim_netlist.vhdl
remove_files  E:/Users/milk/deskdop/FINAL/final_1/fir.runs/fir_compiler_0_synth_1/fir_compiler_0_sim_netlist.vhdl
WARNING: [Vivado 12-818] No files matched 'E:/Users/milk/deskdop/FINAL/final_1/fir.runs/fir_compiler_0_synth_1/fir_compiler_0_sim_netlist.vhdl'
export_ip_user_files -of_objects  [get_files E:/Users/milk/deskdop/FINAL/final_1/fir.srcs/sources_1/ip/clk_wiz_0/clk_wiz_0.xci] -no_script -reset -force -quiet
remove_files  E:/Users/milk/deskdop/FINAL/final_1/fir.srcs/sources_1/ip/clk_wiz_0/clk_wiz_0.xci
export_ip_user_files -of_objects  [get_files e:/Users/milk/deskdop/FINAL/100.coe] -no_script -reset -force -quiet
export_ip_user_files -of_objects  [get_files e:/Users/milk/deskdop/FINAL/125_lp.coe] -no_script -reset -force -quiet
export_ip_user_files -of_objects  [get_files e:/Users/milk/deskdop/FINAL/250__250_101-105_25.coe] -no_script -reset -force -quiet
export_ip_user_files -of_objects  [get_files e:/Users/milk/deskdop/250_true.coe] -no_script -reset -force -quiet
export_ip_user_files -of_objects  [get_files e:/Users/milk/deskdop/FINAL/250_true.coe] -no_script -reset -force -quiet
export_ip_user_files -of_objects  [get_files e:/Users/milk/deskdop/FINAL/250_window.coe] -no_script -reset -force -quiet
export_ip_user_files -of_objects  [get_files e:/Users/milk/deskdop/FINAL/N_250g_125s_lp.coe] -no_script -reset -force -quiet
remove_files  {e:/Users/milk/deskdop/FINAL/100.coe e:/Users/milk/deskdop/FINAL/125_lp.coe e:/Users/milk/deskdop/FINAL/250__250_101-105_25.coe e:/Users/milk/deskdop/250_true.coe e:/Users/milk/deskdop/FINAL/250_true.coe e:/Users/milk/deskdop/FINAL/250_window.coe e:/Users/milk/deskdop/FINAL/N_250g_125s_lp.coe}
reset_run synth_1
launch_runs impl_1 -to_step write_bitstream -jobs 4
[Fri Nov 12 20:11:23 2021] Launched synth_1...
Run output will be captured here: E:/Users/milk/deskdop/FINAL/final_3/axi_gpio.runs/synth_1/runme.log
[Fri Nov 12 20:11:23 2021] Launched impl_1...
Run output will be captured here: E:/Users/milk/deskdop/FINAL/final_3/axi_gpio.runs/impl_1/runme.log
update_compile_order -fileset sources_1
export_ip_user_files -of_objects  [get_files e:/Users/milk/deskdop/FINAL/final_1/N_250_125_bp.coe] -no_script -reset -force -quiet
remove_files  e:/Users/milk/deskdop/FINAL/final_1/N_250_125_bp.coe
open_bd_design {E:/Users/milk/deskdop/FINAL/final_3/axi_gpio.srcs/sources_1/bd/system/system.bd}
Adding cell -- xilinx.com:ip:axi_gpio:2.0 - axi_gpio_0
Adding cell -- xilinx.com:ip:processing_system7:5.5 - processing_system7_0
Adding cell -- xilinx.com:ip:axi_interconnect:2.1 - ps7_0_axi_periph
Adding cell -- xilinx.com:ip:axi_protocol_converter:2.1 - auto_pc
Adding cell -- xilinx.com:ip:proc_sys_reset:5.0 - rst_ps7_0_50M
Successfully read diagram <system> from BD file <E:/Users/milk/deskdop/FINAL/final_3/axi_gpio.srcs/sources_1/bd/system/system.bd>
reset_run synth_1
launch_runs impl_1 -to_step write_bitstream -jobs 4
INFO: [Vivado 12-4149] The synthesis checkpoint for IP 'E:/Users/milk/deskdop/FINAL/final_1/fir.srcs/sources_1/ip/fir_compiler_2/fir_compiler_2.xci' is already up-to-date
INFO: [Vivado 12-4149] The synthesis checkpoint for IP 'E:/Users/milk/deskdop/FINAL/final_1/fir.srcs/sources_1/ip/fir_compiler_1/fir_compiler_1.xci' is already up-to-date
INFO: [Vivado 12-4149] The synthesis checkpoint for IP 'E:/Users/milk/deskdop/FINAL/final_1/fir.srcs/sources_1/ip/fir_compiler_0/fir_compiler_0.xci' is already up-to-date
[Fri Nov 12 20:14:28 2021] Launched synth_1...
Run output will be captured here: E:/Users/milk/deskdop/FINAL/final_3/axi_gpio.runs/synth_1/runme.log
[Fri Nov 12 20:14:28 2021] Launched impl_1...
Run output will be captured here: E:/Users/milk/deskdop/FINAL/final_3/axi_gpio.runs/impl_1/runme.log
file copy -force E:/Users/milk/deskdop/FINAL/final_3/axi_gpio.runs/impl_1/system_wrapper.sysdef E:/Users/milk/deskdop/FINAL/final_3/axi_gpio.sdk/system_wrapper.hdf

launch_sdk -workspace E:/Users/milk/deskdop/FINAL/final_3/axi_gpio.sdk -hwspec E:/Users/milk/deskdop/FINAL/final_3/axi_gpio.sdk/system_wrapper.hdf
INFO: [Vivado 12-393] Launching SDK...
INFO: [Vivado 12-417] Running xsdk -workspace E:/Users/milk/deskdop/FINAL/final_3/axi_gpio.sdk -hwspec E:/Users/milk/deskdop/FINAL/final_3/axi_gpio.sdk/system_wrapper.hdf
INFO: [Vivado 12-3157] SDK launch initiated. Please check console for any further messages.
file copy -force E:/Users/milk/deskdop/FINAL/final_3/axi_gpio.runs/impl_1/system_wrapper.sysdef E:/Users/milk/deskdop/FINAL/final_3/axi_gpio.sdk/system_wrapper.hdf

reset_run synth_1
launch_runs impl_1 -to_step write_bitstream -jobs 4
INFO: [Vivado 12-4149] The synthesis checkpoint for IP 'E:/Users/milk/deskdop/FINAL/final_1/fir.srcs/sources_1/ip/fir_compiler_2/fir_compiler_2.xci' is already up-to-date
INFO: [Vivado 12-4149] The synthesis checkpoint for IP 'E:/Users/milk/deskdop/FINAL/final_1/fir.srcs/sources_1/ip/fir_compiler_1/fir_compiler_1.xci' is already up-to-date
INFO: [Vivado 12-4149] The synthesis checkpoint for IP 'E:/Users/milk/deskdop/FINAL/final_1/fir.srcs/sources_1/ip/fir_compiler_0/fir_compiler_0.xci' is already up-to-date
[Fri Nov 12 22:02:36 2021] Launched synth_1...
Run output will be captured here: E:/Users/milk/deskdop/FINAL/final_3/axi_gpio.runs/synth_1/runme.log
[Fri Nov 12 22:02:36 2021] Launched impl_1...
Run output will be captured here: E:/Users/milk/deskdop/FINAL/final_3/axi_gpio.runs/impl_1/runme.log
open_bd_design {E:/Users/milk/deskdop/FINAL/final_3/axi_gpio.srcs/sources_1/bd/system/system.bd}
WARNING: [IP_Flow 19-474] Invalid Parameter 'Component_Name'
file copy -force E:/Users/milk/deskdop/FINAL/final_3/axi_gpio.runs/impl_1/system_wrapper.sysdef E:/Users/milk/deskdop/FINAL/final_3/axi_gpio.sdk/system_wrapper.hdf

launch_sdk -workspace E:/Users/milk/deskdop/FINAL/final_3/axi_gpio.sdk -hwspec E:/Users/milk/deskdop/FINAL/final_3/axi_gpio.sdk/system_wrapper.hdf
INFO: [Vivado 12-393] Launching SDK...
INFO: [Vivado 12-417] Running xsdk -workspace E:/Users/milk/deskdop/FINAL/final_3/axi_gpio.sdk -hwspec E:/Users/milk/deskdop/FINAL/final_3/axi_gpio.sdk/system_wrapper.hdf
INFO: [Vivado 12-3157] SDK launch initiated. Please check console for any further messages.
regenerate_bd_layout
create_bd_cell -type module -reference receiver receiver_0
ERROR: [filemgmt 56-181] Reference 'receiver' contains sub-design file 'E:/Users/milk/deskdop/FINAL/final_1/fir.srcs/sources_1/ip/clk_wiz_1/clk_wiz_1.xci'. This sub-design is not allowed in the reference due to following reason(s):
The 'xilinx.com:ip:clk_wiz:6.0' core does not support module reference.
ERROR: [filemgmt 56-328] Reference 'receiver' contains sub-design file 'E:/Users/milk/deskdop/FINAL/final_1/fir.srcs/sources_1/ip/fir_compiler_2/fir_compiler_2.xci', which is configured for out-of-context synthesis. OOC sub-designs are not allowed in the reference. To change the setting, use TCL command: 'set_property generate_synth_checkpoint 0 [get_files fir_compiler_2.xci]'.
ERROR: [filemgmt 56-328] Reference 'receiver' contains sub-design file 'E:/Users/milk/deskdop/FINAL/final_1/fir.srcs/sources_1/ip/fir_compiler_1/fir_compiler_1.xci', which is configured for out-of-context synthesis. OOC sub-designs are not allowed in the reference. To change the setting, use TCL command: 'set_property generate_synth_checkpoint 0 [get_files fir_compiler_1.xci]'.
ERROR: [filemgmt 56-328] Reference 'receiver' contains sub-design file 'E:/Users/milk/deskdop/FINAL/final_1/fir.srcs/sources_1/ip/fir_compiler_0/fir_compiler_0.xci', which is configured for out-of-context synthesis. OOC sub-designs are not allowed in the reference. To change the setting, use TCL command: 'set_property generate_synth_checkpoint 0 [get_files fir_compiler_0.xci]'.
ERROR: [BD 41-1690] Unable to resolve module-source based on inputs: receiver
ERROR: [BD 5-7] Error: running create_bd_cell  -type module -reference receiver -name receiver_0 .
ERROR: [Common 17-39] 'create_bd_cell' failed due to earlier errors.
export_ip_user_files -of_objects  [get_files E:/Users/milk/deskdop/FINAL/final_1/fir.ip_user_files/ip/fir_compiler_0/fir_compiler_0_stub.v] -no_script -reset -force -quiet
remove_files  E:/Users/milk/deskdop/FINAL/final_1/fir.ip_user_files/ip/fir_compiler_0/fir_compiler_0_stub.v
export_ip_user_files -of_objects  [get_files E:/Users/milk/deskdop/FINAL/final_1/fir.ip_user_files/ip/fir_compiler_1/fir_compiler_1_stub.v] -no_script -reset -force -quiet
remove_files  E:/Users/milk/deskdop/FINAL/final_1/fir.ip_user_files/ip/fir_compiler_1/fir_compiler_1_stub.v
export_ip_user_files -of_objects  [get_files E:/Users/milk/deskdop/FINAL/final_1/fir.ip_user_files/ip/fir_compiler_2/fir_compiler_2_stub.v] -no_script -reset -force -quiet
remove_files  E:/Users/milk/deskdop/FINAL/final_1/fir.ip_user_files/ip/fir_compiler_2/fir_compiler_2_stub.v
save_bd_design
Wrote  : <E:/Users/milk/deskdop/FINAL/final_3/axi_gpio.srcs/sources_1/bd/system/ui/bd_c954508f.ui> 
reset_run synth_1
launch_runs impl_1 -to_step write_bitstream -jobs 4
INFO: [Vivado 12-4149] The synthesis checkpoint for IP 'E:/Users/milk/deskdop/FINAL/final_1/fir.srcs/sources_1/ip/fir_compiler_2/fir_compiler_2.xci' is already up-to-date
INFO: [Vivado 12-4149] The synthesis checkpoint for IP 'E:/Users/milk/deskdop/FINAL/final_1/fir.srcs/sources_1/ip/fir_compiler_1/fir_compiler_1.xci' is already up-to-date
INFO: [Vivado 12-4149] The synthesis checkpoint for IP 'E:/Users/milk/deskdop/FINAL/final_1/fir.srcs/sources_1/ip/fir_compiler_0/fir_compiler_0.xci' is already up-to-date
[Sat Nov 13 00:05:32 2021] Launched synth_1...
Run output will be captured here: E:/Users/milk/deskdop/FINAL/final_3/axi_gpio.runs/synth_1/runme.log
[Sat Nov 13 00:05:32 2021] Launched impl_1...
Run output will be captured here: E:/Users/milk/deskdop/FINAL/final_3/axi_gpio.runs/impl_1/runme.log
open_bd_design {E:/Users/milk/deskdop/FINAL/final_3/axi_gpio.srcs/sources_1/bd/system/system.bd}
INFO: [Vivado 12-4158] Exported Hardware file is out of date. Exported hardware information may be inconsistent with respect to the current state of the design. It is recommended that you re-export the design and launch SDK otherwise SDK is launched with out of date hardware system file.
launch_sdk -workspace E:/Users/milk/deskdop/FINAL/final_3/axi_gpio.sdk -hwspec E:/Users/milk/deskdop/FINAL/final_3/axi_gpio.sdk/system_wrapper.hdf
INFO: [Vivado 12-393] Launching SDK...
INFO: [Vivado 12-417] Running xsdk -workspace E:/Users/milk/deskdop/FINAL/final_3/axi_gpio.sdk -hwspec E:/Users/milk/deskdop/FINAL/final_3/axi_gpio.sdk/system_wrapper.hdf
INFO: [Vivado 12-3157] SDK launch initiated. Please check console for any further messages.
exit
INFO: [Common 17-206] Exiting Vivado at Sat Nov 13 23:58:46 2021...
