#-----------------------------------------------------------
# Vivado v2018.3 (64-bit)
# SW Build 2405991 on Thu Dec  6 23:38:27 MST 2018
# IP Build 2404404 on Fri Dec  7 01:43:56 MST 2018
# Start of session at: Tue Nov 16 11:16:11 2021
# Process ID: 13020
# Current directory: E:/Users/milk/deskdop/FINAL/final_3
# Command line: vivado.exe -gui_launcher_event rodinguilauncherevent7412 E:\Users\milk\deskdop\FINAL\final_3\axi_gpio.xpr
# Log file: E:/Users/milk/deskdop/FINAL/final_3/vivado.log
# Journal file: E:/Users/milk/deskdop/FINAL/final_3\vivado.jou
#-----------------------------------------------------------
start_gui
open_project E:/Users/milk/deskdop/FINAL/final_3/axi_gpio.xpr
CRITICAL WARNING: [Project 1-19] Could not find the file 'E:/Users/milk/deskdop/FINAL/final_1/fir.ip_user_files/sim_scripts/ila_0/questa/glbl.v'.
CRITICAL WARNING: [Project 1-19] Could not find the file 'E:/Users/milk/deskdop/FINAL/final_1/fir.ip_user_files/sim_scripts/ila_0/activehdl/glbl.v'.
CRITICAL WARNING: [Project 1-19] Could not find the file 'E:/Users/milk/deskdop/FINAL/final_1/fir.ip_user_files/sim_scripts/ila_0/ies/glbl.v'.
CRITICAL WARNING: [Project 1-19] Could not find the file 'E:/Users/milk/deskdop/FINAL/final_1/fir.ip_user_files/sim_scripts/ila_0/modelsim/glbl.v'.
CRITICAL WARNING: [Project 1-19] Could not find the file 'E:/Users/milk/deskdop/FINAL/final_1/fir.ip_user_files/sim_scripts/ila_0/xcelium/glbl.v'.
CRITICAL WARNING: [Project 1-19] Could not find the file 'E:/Users/milk/deskdop/FINAL/final_1/fir.ip_user_files/sim_scripts/ila_0/xsim/glbl.v'.
CRITICAL WARNING: [Project 1-19] Could not find the file 'E:/Users/milk/deskdop/FINAL/final_1/fir.ip_user_files/sim_scripts/ila_0/vcs/glbl.v'.
CRITICAL WARNING: [Project 1-19] Could not find the file 'E:/Users/milk/deskdop/FINAL/final_1/fir.ip_user_files/sim_scripts/ila_0/riviera/glbl.v'.
Scanning sources...
Finished scanning sources
INFO: [IP_Flow 19-234] Refreshing IP repositories
INFO: [IP_Flow 19-1704] No user IP repositories specified
INFO: [IP_Flow 19-2313] Loaded Vivado IP repository 'D:/Xilinx/Vivado/2018.3/data/ip'.
open_project: Time (s): cpu = 00:00:19 ; elapsed = 00:00:08 . Memory (MB): peak = 763.797 ; gain = 128.219
update_compile_order -fileset sources_1
open_bd_design {E:/Users/milk/deskdop/FINAL/final_3/axi_gpio.srcs/sources_1/bd/system/system.bd}
Adding cell -- xilinx.com:ip:axi_gpio:2.0 - axi_gpio_0
Adding cell -- xilinx.com:ip:processing_system7:5.5 - processing_system7_0
Adding cell -- xilinx.com:ip:axi_interconnect:2.1 - ps7_0_axi_periph
Adding cell -- xilinx.com:ip:axi_protocol_converter:2.1 - auto_pc
Adding cell -- xilinx.com:ip:proc_sys_reset:5.0 - rst_ps7_0_50M
Successfully read diagram <system> from BD file <E:/Users/milk/deskdop/FINAL/final_3/axi_gpio.srcs/sources_1/bd/system/system.bd>
WARNING: [IP_Flow 19-474] Invalid Parameter 'Component_Name'
INFO: [Vivado 12-4158] Exported Hardware file is out of date. Exported hardware information may be inconsistent with respect to the current state of the design. It is recommended that you re-export the design and launch SDK otherwise SDK is launched with out of date hardware system file.
launch_sdk -workspace E:/Users/milk/deskdop/FINAL/final_3/axi_gpio.sdk -hwspec E:/Users/milk/deskdop/FINAL/final_3/axi_gpio.sdk/system_wrapper.hdf
INFO: [Vivado 12-393] Launching SDK...
INFO: [Vivado 12-417] Running xsdk -workspace E:/Users/milk/deskdop/FINAL/final_3/axi_gpio.sdk -hwspec E:/Users/milk/deskdop/FINAL/final_3/axi_gpio.sdk/system_wrapper.hdf
INFO: [Vivado 12-3157] SDK launch initiated. Please check console for any further messages.
exit
INFO: [Common 17-206] Exiting Vivado at Tue Nov 16 11:18:45 2021...
