#-----------------------------------------------------------
# Vivado v2018.3 (64-bit)
# SW Build 2405991 on Thu Dec  6 23:38:27 MST 2018
# IP Build 2404404 on Fri Dec  7 01:43:56 MST 2018
# Start of session at: Thu Nov 11 14:04:46 2021
# Process ID: 17576
# Current directory: E:/Users/milk/deskdop/ZYNQ/4_SourceCode/2_Embedded_System/ZYNQ_7020_SDK/7_axi_gpio_fsbl
# Command line: vivado.exe -gui_launcher_event rodinguilauncherevent2624 E:\Users\milk\deskdop\ZYNQ\4_SourceCode\2_Embedded_System\ZYNQ_7020_SDK\7_axi_gpio_fsbl\axi_gpio.xpr
# Log file: E:/Users/milk/deskdop/ZYNQ/4_SourceCode/2_Embedded_System/ZYNQ_7020_SDK/7_axi_gpio_fsbl/vivado.log
# Journal file: E:/Users/milk/deskdop/ZYNQ/4_SourceCode/2_Embedded_System/ZYNQ_7020_SDK/7_axi_gpio_fsbl\vivado.jou
#-----------------------------------------------------------sstart_guiopen_project E:/Users/milk/deskdop/ZYNQ/4_SourceCode/2_Embedded_System/ZYNQ_7020_SDK/7_axi_gpio_fsbl/axi_gpio.xpr
INFO: [ProjectBase 1-489] The host OS only allows 260 characters in a normal path. The project is stored in a path with more than 80 characters. If you experience issues with IP, Block Designs, or files not being found, please consider moving the project to a location with a shorter path. Alternately consider using the OS subst command to map part of the path to a drive letter.
Current project path is 'E:/Users/milk/deskdop/ZYNQ/4_SourceCode/2_Embedded_System/ZYNQ_7020_SDK/7_axi_gpio_fsbl'
INFO: [Project 1-313] Project file moved from 'F:/ZYNQ/Embedded_System/axi_gpio' since last save.
Scanning sources...
Finished scanning sources
INFO: [IP_Flow 19-234] Refreshing IP repositories
INFO: [IP_Flow 19-1704] No user IP repositories specified
INFO: [IP_Flow 19-2313] Loaded Vivado IP repository 'D:/Xilinx/Vivado/2018.3/data/ip'.
open_project: Time (s): cpu = 00:00:20 ; elapsed = 00:00:09 . Memory (MB): peak = 712.613 ; gain = 99.996
update_compile_order -fileset sources_1
laexit
INFO: [Common 17-206] Exiting Vivado at Thu Nov 11 15:47:46 2021...
stem/ZYNQ_7020_SDK/7_axi_gpio_fsbl/axi_gpio.sdk -hwspec E:/Users/milk/deskdop/ZYNQ/4_SourceCode/2_Embedded_System/ZYNQ_7020_SDK/7_axi_gpio_fsbl/axi_gpio.sdk/system_wrapper.hdf
INFO: [Vivado 12-393] Launching SDK...
INFO: [Vivado 12-417] Running xsdk -workspace E:/Users/milk/deskdop/ZYNQ/4_SourceCode/2_Embedded_System/ZYNQ_7020_SDK/7_axi_gpio_fsbl/axi_gpio.sdk -hwspec E:/Users/milk/deskdop/ZYNQ/4_SourceCode/2_Embedded_System/ZYNQ_7020_SDK/7_axi_gpio_fsbl/axi_gpio.sdk/system_wrapper.hdf
INFO: [Vivado 12-3157] SDK launch initiated. Please check console for any further messages.
exit
INFO: [Common 17-206] Exiting Vivado at Thu Nov 11 14:05:44 2021...
