16:57:32 INFO  : Registering command handlers for SDK TCF services
16:57:33 INFO  : Launching XSCT server: xsct.bat -interactive F:\ZYNQ\Embedded_System\axi_gpio\axi_gpio.sdk\temp_xsdb_launch_script.tcl
16:57:35 INFO  : XSCT server has started successfully.
16:57:36 INFO  : Successfully done setting XSCT server connection channel  
16:57:36 INFO  : Successfully done setting SDK workspace  
16:57:36 INFO  : Processing command line option -hwspec F:/ZYNQ/Embedded_System/axi_gpio/axi_gpio.sdk/system_wrapper.hdf.
17:04:00 INFO  : Connected to target on host '127.0.0.1' and port '3121'.
17:04:01 INFO  : 'targets -set -filter {jtag_cable_name =~ "Digilent JTAG-HS1 210259982163" && level==0} -index 1' command is executed.
17:04:04 INFO  : FPGA configured successfully with bitstream "F:/ZYNQ/Embedded_System/axi_gpio/axi_gpio.sdk/system_wrapper_hw_platform_0/system_wrapper.bit"
17:04:32 INFO  : 'targets -set -filter {jtag_cable_name =~ "Digilent JTAG-HS1 210259982163" && level==0} -index 1' command is executed.
17:04:32 INFO  : 'fpga -state' command is executed.
17:04:32 INFO  : Connected to target on host '127.0.0.1' and port '3121'.
17:04:32 INFO  : Jtag cable 'Digilent JTAG-HS1 210259982163' is selected.
17:04:32 INFO  : 'jtag frequency' command is executed.
17:04:32 INFO  : Sourcing of 'F:/ZYNQ/Embedded_System/axi_gpio/axi_gpio.sdk/system_wrapper_hw_platform_0/ps7_init.tcl' is done.
17:04:32 INFO  : Context for 'APU' is selected.
17:04:32 INFO  : Hardware design information is loaded from 'F:/ZYNQ/Embedded_System/axi_gpio/axi_gpio.sdk/system_wrapper_hw_platform_0/system.hdf'.
17:04:32 INFO  : 'configparams force-mem-access 1' command is executed.
17:04:33 INFO  : Context for 'APU' is selected.
17:04:33 INFO  : 'stop' command is executed.
17:04:33 INFO  : 'ps7_init' command is executed.
17:04:33 INFO  : 'ps7_post_config' command is executed.
17:04:33 INFO  : Context for processor 'ps7_cortexa9_0' is selected.
17:04:33 INFO  : Processor reset is completed for 'ps7_cortexa9_0'.
17:04:33 INFO  : Context for processor 'ps7_cortexa9_0' is selected.
17:04:33 INFO  : The application 'F:/ZYNQ/Embedded_System/axi_gpio/axi_gpio.sdk/axi_gpio/Debug/axi_gpio.elf' is downloaded to processor 'ps7_cortexa9_0'.
17:04:33 INFO  : 'configparams force-mem-access 0' command is executed.
17:04:33 INFO  : ----------------XSDB Script----------------
connect -url tcp:127.0.0.1:3121
source F:/ZYNQ/Embedded_System/axi_gpio/axi_gpio.sdk/system_wrapper_hw_platform_0/ps7_init.tcl
targets -set -nocase -filter {name =~"APU*" && jtag_cable_name =~ "Digilent JTAG-HS1 210259982163"} -index 0
loadhw -hw F:/ZYNQ/Embedded_System/axi_gpio/axi_gpio.sdk/system_wrapper_hw_platform_0/system.hdf -mem-ranges [list {0x40000000 0xbfffffff}]
configparams force-mem-access 1
targets -set -nocase -filter {name =~"APU*" && jtag_cable_name =~ "Digilent JTAG-HS1 210259982163"} -index 0
stop
ps7_init
ps7_post_config
targets -set -nocase -filter {name =~ "ARM*#0" && jtag_cable_name =~ "Digilent JTAG-HS1 210259982163"} -index 0
rst -processor
targets -set -nocase -filter {name =~ "ARM*#0" && jtag_cable_name =~ "Digilent JTAG-HS1 210259982163"} -index 0
dow F:/ZYNQ/Embedded_System/axi_gpio/axi_gpio.sdk/axi_gpio/Debug/axi_gpio.elf
configparams force-mem-access 0
----------------End of Script----------------

17:04:33 INFO  : Memory regions updated for context APU
17:04:33 INFO  : Context for processor 'ps7_cortexa9_0' is selected.
17:04:33 INFO  : 'con' command is executed.
17:04:33 INFO  : ----------------XSDB Script (After Launch)----------------
targets -set -nocase -filter {name =~ "ARM*#0" && jtag_cable_name =~ "Digilent JTAG-HS1 210259982163"} -index 0
con
----------------End of Script----------------

17:04:33 INFO  : Launch script is exported to file 'F:\ZYNQ\Embedded_System\axi_gpio\axi_gpio.sdk\.sdk\launch_scripts\xilinx_c-c++_application_(system_debugger)\system_debugger_using_debug_axi_gpio.elf_on_local.tcl'
17:11:32 INFO  : Connected to target on host '127.0.0.1' and port '3121'.
17:11:32 INFO  : 'targets -set -filter {jtag_cable_name =~ "Digilent JTAG-HS1 210259982163" && level==0} -index 1' command is executed.
17:11:36 INFO  : FPGA configured successfully with bitstream "F:/ZYNQ/Embedded_System/axi_gpio/axi_gpio.sdk/system_wrapper_hw_platform_0/system_wrapper.bit"
17:11:52 INFO  : Disconnected from the channel tcfchan#1.
17:11:53 INFO  : 'targets -set -filter {jtag_cable_name =~ "Digilent JTAG-HS1 210259982163" && level==0} -index 1' command is executed.
17:11:53 INFO  : 'fpga -state' command is executed.
17:11:53 INFO  : Connected to target on host '127.0.0.1' and port '3121'.
17:11:53 INFO  : Jtag cable 'Digilent JTAG-HS1 210259982163' is selected.
17:11:53 INFO  : 'jtag frequency' command is executed.
17:11:53 INFO  : Sourcing of 'F:/ZYNQ/Embedded_System/axi_gpio/axi_gpio.sdk/system_wrapper_hw_platform_0/ps7_init.tcl' is done.
17:11:53 INFO  : Context for 'APU' is selected.
17:11:55 INFO  : Hardware design information is loaded from 'F:/ZYNQ/Embedded_System/axi_gpio/axi_gpio.sdk/system_wrapper_hw_platform_0/system.hdf'.
17:11:55 INFO  : 'configparams force-mem-access 1' command is executed.
17:11:55 INFO  : Context for 'APU' is selected.
17:11:55 INFO  : 'stop' command is executed.
17:11:55 INFO  : 'ps7_init' command is executed.
17:11:55 INFO  : 'ps7_post_config' command is executed.
17:11:55 INFO  : Context for processor 'ps7_cortexa9_0' is selected.
17:11:55 INFO  : Processor reset is completed for 'ps7_cortexa9_0'.
17:11:55 INFO  : Context for processor 'ps7_cortexa9_0' is selected.
17:11:55 INFO  : The application 'F:/ZYNQ/Embedded_System/axi_gpio/axi_gpio.sdk/axi_gpio/Debug/axi_gpio.elf' is downloaded to processor 'ps7_cortexa9_0'.
17:11:55 INFO  : 'configparams force-mem-access 0' command is executed.
17:11:55 INFO  : ----------------XSDB Script----------------
connect -url tcp:127.0.0.1:3121
source F:/ZYNQ/Embedded_System/axi_gpio/axi_gpio.sdk/system_wrapper_hw_platform_0/ps7_init.tcl
targets -set -nocase -filter {name =~"APU*" && jtag_cable_name =~ "Digilent JTAG-HS1 210259982163"} -index 0
loadhw -hw F:/ZYNQ/Embedded_System/axi_gpio/axi_gpio.sdk/system_wrapper_hw_platform_0/system.hdf -mem-ranges [list {0x40000000 0xbfffffff}]
configparams force-mem-access 1
targets -set -nocase -filter {name =~"APU*" && jtag_cable_name =~ "Digilent JTAG-HS1 210259982163"} -index 0
stop
ps7_init
ps7_post_config
targets -set -nocase -filter {name =~ "ARM*#0" && jtag_cable_name =~ "Digilent JTAG-HS1 210259982163"} -index 0
rst -processor
targets -set -nocase -filter {name =~ "ARM*#0" && jtag_cable_name =~ "Digilent JTAG-HS1 210259982163"} -index 0
dow F:/ZYNQ/Embedded_System/axi_gpio/axi_gpio.sdk/axi_gpio/Debug/axi_gpio.elf
configparams force-mem-access 0
----------------End of Script----------------

17:11:55 INFO  : Memory regions updated for context APU
17:11:55 INFO  : Context for processor 'ps7_cortexa9_0' is selected.
17:11:55 INFO  : 'con' command is executed.
17:11:55 INFO  : ----------------XSDB Script (After Launch)----------------
targets -set -nocase -filter {name =~ "ARM*#0" && jtag_cable_name =~ "Digilent JTAG-HS1 210259982163"} -index 0
con
----------------End of Script----------------

17:11:55 INFO  : Launch script is exported to file 'F:\ZYNQ\Embedded_System\axi_gpio\axi_gpio.sdk\.sdk\launch_scripts\xilinx_c-c++_application_(system_debugger)\system_debugger_using_debug_axi_gpio.elf_on_local.tcl'
17:17:23 INFO  : Connected to target on host '127.0.0.1' and port '3121'.
17:17:23 INFO  : 'targets -set -filter {jtag_cable_name =~ "Digilent JTAG-HS1 210259982163" && level==0} -index 1' command is executed.
17:17:27 INFO  : FPGA configured successfully with bitstream "F:/ZYNQ/Embedded_System/axi_gpio/axi_gpio.sdk/system_wrapper_hw_platform_0/system_wrapper.bit"
17:17:34 INFO  : Disconnected from the channel tcfchan#2.
17:17:35 INFO  : 'targets -set -filter {jtag_cable_name =~ "Digilent JTAG-HS1 210259982163" && level==0} -index 1' command is executed.
17:17:35 INFO  : 'fpga -state' command is executed.
17:17:35 INFO  : Connected to target on host '127.0.0.1' and port '3121'.
17:17:35 INFO  : Jtag cable 'Digilent JTAG-HS1 210259982163' is selected.
17:17:35 INFO  : 'jtag frequency' command is executed.
17:17:35 INFO  : Sourcing of 'F:/ZYNQ/Embedded_System/axi_gpio/axi_gpio.sdk/system_wrapper_hw_platform_0/ps7_init.tcl' is done.
17:17:35 INFO  : Context for 'APU' is selected.
17:17:36 INFO  : Hardware design information is loaded from 'F:/ZYNQ/Embedded_System/axi_gpio/axi_gpio.sdk/system_wrapper_hw_platform_0/system.hdf'.
17:17:36 INFO  : 'configparams force-mem-access 1' command is executed.
17:17:37 INFO  : Context for 'APU' is selected.
17:17:37 INFO  : 'stop' command is executed.
17:17:37 INFO  : 'ps7_init' command is executed.
17:17:37 INFO  : 'ps7_post_config' command is executed.
17:17:37 INFO  : Context for processor 'ps7_cortexa9_0' is selected.
17:17:37 INFO  : Processor reset is completed for 'ps7_cortexa9_0'.
17:17:37 INFO  : Context for processor 'ps7_cortexa9_0' is selected.
17:17:37 INFO  : The application 'F:/ZYNQ/Embedded_System/axi_gpio/axi_gpio.sdk/axi_gpio/Debug/axi_gpio.elf' is downloaded to processor 'ps7_cortexa9_0'.
17:17:37 INFO  : 'configparams force-mem-access 0' command is executed.
17:17:37 INFO  : ----------------XSDB Script----------------
connect -url tcp:127.0.0.1:3121
source F:/ZYNQ/Embedded_System/axi_gpio/axi_gpio.sdk/system_wrapper_hw_platform_0/ps7_init.tcl
targets -set -nocase -filter {name =~"APU*" && jtag_cable_name =~ "Digilent JTAG-HS1 210259982163"} -index 0
loadhw -hw F:/ZYNQ/Embedded_System/axi_gpio/axi_gpio.sdk/system_wrapper_hw_platform_0/system.hdf -mem-ranges [list {0x40000000 0xbfffffff}]
configparams force-mem-access 1
targets -set -nocase -filter {name =~"APU*" && jtag_cable_name =~ "Digilent JTAG-HS1 210259982163"} -index 0
stop
ps7_init
ps7_post_config
targets -set -nocase -filter {name =~ "ARM*#0" && jtag_cable_name =~ "Digilent JTAG-HS1 210259982163"} -index 0
rst -processor
targets -set -nocase -filter {name =~ "ARM*#0" && jtag_cable_name =~ "Digilent JTAG-HS1 210259982163"} -index 0
dow F:/ZYNQ/Embedded_System/axi_gpio/axi_gpio.sdk/axi_gpio/Debug/axi_gpio.elf
configparams force-mem-access 0
----------------End of Script----------------

17:17:37 INFO  : Memory regions updated for context APU
17:17:37 INFO  : Context for processor 'ps7_cortexa9_0' is selected.
17:17:37 INFO  : 'con' command is executed.
17:17:37 INFO  : ----------------XSDB Script (After Launch)----------------
targets -set -nocase -filter {name =~ "ARM*#0" && jtag_cable_name =~ "Digilent JTAG-HS1 210259982163"} -index 0
con
----------------End of Script----------------

17:17:37 INFO  : Launch script is exported to file 'F:\ZYNQ\Embedded_System\axi_gpio\axi_gpio.sdk\.sdk\launch_scripts\xilinx_c-c++_application_(system_debugger)\system_debugger_using_debug_axi_gpio.elf_on_local.tcl'
17:17:48 INFO  : Disconnected from the channel tcfchan#3.
18:59:57 INFO  : Registering command handlers for SDK TCF services
18:59:58 INFO  : Launching XSCT server: xsct.bat -interactive F:\ZYNQ\Embedded_System\axi_gpio\axi_gpio.sdk\temp_xsdb_launch_script.tcl
19:00:00 INFO  : XSCT server has started successfully.
19:00:00 INFO  : Successfully done setting XSCT server connection channel  
19:00:00 INFO  : Processing command line option -hwspec F:/ZYNQ/Embedded_System/axi_gpio/axi_gpio.sdk/system_wrapper.hdf.
19:00:00 INFO  : Successfully done setting SDK workspace  
19:00:00 INFO  : Checking for hwspec changes in the project system_wrapper_hw_platform_0.
19:08:33 INFO  : SDK has detected change in the last modified timestamps for source hardware specification file Source:1571051117410,  Project:1571043097658
19:08:33 INFO  : Project system_wrapper_hw_platform_0's source hardware specification located at F:/ZYNQ/Embedded_System/axi_gpio/axi_gpio.sdk/system_wrapper.hdf is now different from the local copy.
		 The local copy will be replaced with the source specification and your workspace will be updated.
19:08:36 INFO  : Copied contents of F:/ZYNQ/Embedded_System/axi_gpio/axi_gpio.sdk/system_wrapper.hdf into \system_wrapper_hw_platform_0\system.hdf.
19:08:38 INFO  : Synchronizing projects in the workspace with the hardware platform specification changes.
19:08:40 INFO  : 
19:08:41 INFO  : Updating hardware inferred compiler options for axi_gpio.
19:08:41 INFO  : Clearing existing target manager status.
19:10:17 INFO  : Connected to target on host '127.0.0.1' and port '3121'.
19:10:17 INFO  : 'targets -set -filter {jtag_cable_name =~ "Digilent JTAG-HS1 210259982163" && level==0} -index 1' command is executed.
19:10:21 INFO  : FPGA configured successfully with bitstream "F:/ZYNQ/Embedded_System/axi_gpio/axi_gpio.sdk/system_wrapper_hw_platform_0/system_wrapper.bit"
19:10:40 INFO  : 'targets -set -filter {jtag_cable_name =~ "Digilent JTAG-HS1 210259982163" && level==0} -index 1' command is executed.
19:10:40 INFO  : 'fpga -state' command is executed.
19:10:40 INFO  : Connected to target on host '127.0.0.1' and port '3121'.
19:10:40 INFO  : Jtag cable 'Digilent JTAG-HS1 210259982163' is selected.
19:10:40 INFO  : 'jtag frequency' command is executed.
19:10:40 INFO  : Sourcing of 'F:/ZYNQ/Embedded_System/axi_gpio/axi_gpio.sdk/system_wrapper_hw_platform_0/ps7_init.tcl' is done.
19:10:40 INFO  : Context for 'APU' is selected.
19:10:40 INFO  : Hardware design information is loaded from 'F:/ZYNQ/Embedded_System/axi_gpio/axi_gpio.sdk/system_wrapper_hw_platform_0/system.hdf'.
19:10:40 INFO  : 'configparams force-mem-access 1' command is executed.
19:10:40 INFO  : Context for 'APU' is selected.
19:10:40 INFO  : 'stop' command is executed.
19:10:41 INFO  : 'ps7_init' command is executed.
19:10:41 INFO  : 'ps7_post_config' command is executed.
19:10:41 INFO  : Context for processor 'ps7_cortexa9_0' is selected.
19:10:41 INFO  : Processor reset is completed for 'ps7_cortexa9_0'.
19:10:41 INFO  : Context for processor 'ps7_cortexa9_0' is selected.
19:10:41 INFO  : The application 'F:/ZYNQ/Embedded_System/axi_gpio/axi_gpio.sdk/axi_gpio/Debug/axi_gpio.elf' is downloaded to processor 'ps7_cortexa9_0'.
19:10:41 INFO  : 'configparams force-mem-access 0' command is executed.
19:10:41 INFO  : ----------------XSDB Script----------------
connect -url tcp:127.0.0.1:3121
source F:/ZYNQ/Embedded_System/axi_gpio/axi_gpio.sdk/system_wrapper_hw_platform_0/ps7_init.tcl
targets -set -nocase -filter {name =~"APU*" && jtag_cable_name =~ "Digilent JTAG-HS1 210259982163"} -index 0
loadhw -hw F:/ZYNQ/Embedded_System/axi_gpio/axi_gpio.sdk/system_wrapper_hw_platform_0/system.hdf -mem-ranges [list {0x40000000 0xbfffffff}]
configparams force-mem-access 1
targets -set -nocase -filter {name =~"APU*" && jtag_cable_name =~ "Digilent JTAG-HS1 210259982163"} -index 0
stop
ps7_init
ps7_post_config
targets -set -nocase -filter {name =~ "ARM*#0" && jtag_cable_name =~ "Digilent JTAG-HS1 210259982163"} -index 0
rst -processor
targets -set -nocase -filter {name =~ "ARM*#0" && jtag_cable_name =~ "Digilent JTAG-HS1 210259982163"} -index 0
dow F:/ZYNQ/Embedded_System/axi_gpio/axi_gpio.sdk/axi_gpio/Debug/axi_gpio.elf
configparams force-mem-access 0
----------------End of Script----------------

19:10:41 INFO  : Memory regions updated for context APU
19:10:41 INFO  : Context for processor 'ps7_cortexa9_0' is selected.
19:10:41 INFO  : 'con' command is executed.
19:10:41 INFO  : ----------------XSDB Script (After Launch)----------------
targets -set -nocase -filter {name =~ "ARM*#0" && jtag_cable_name =~ "Digilent JTAG-HS1 210259982163"} -index 0
con
----------------End of Script----------------

19:10:41 INFO  : Launch script is exported to file 'F:\ZYNQ\Embedded_System\axi_gpio\axi_gpio.sdk\.sdk\launch_scripts\xilinx_c-c++_application_(system_debugger)\system_debugger_using_debug_axi_gpio.elf_on_local.tcl'
19:10:56 INFO  : Disconnected from the channel tcfchan#1.
19:17:20 INFO  : Registering command handlers for SDK TCF services
19:17:22 INFO  : Launching XSCT server: xsct.bat -interactive F:\ZYNQ\Embedded_System\axi_gpio\axi_gpio.sdk\temp_xsdb_launch_script.tcl
19:17:24 INFO  : XSCT server has started successfully.
19:17:24 INFO  : Successfully done setting XSCT server connection channel  
19:17:24 INFO  : Processing command line option -hwspec F:/ZYNQ/Embedded_System/axi_gpio/axi_gpio.sdk/system_wrapper.hdf.
19:17:24 INFO  : Successfully done setting SDK workspace  
19:17:24 INFO  : Checking for hwspec changes in the project system_wrapper_hw_platform_0.
19:18:14 INFO  : Connected to target on host '127.0.0.1' and port '3121'.
19:18:15 INFO  : 'targets -set -filter {jtag_cable_name =~ "Digilent JTAG-HS1 210259982163" && level==0} -index 1' command is executed.
19:18:18 INFO  : FPGA configured successfully with bitstream "F:/ZYNQ/Embedded_System/axi_gpio/axi_gpio.sdk/system_wrapper_hw_platform_0/system_wrapper.bit"
19:18:26 INFO  : 'targets -set -filter {jtag_cable_name =~ "Digilent JTAG-HS1 210259982163" && level==0} -index 1' command is executed.
19:18:26 INFO  : 'fpga -state' command is executed.
19:18:26 INFO  : Connected to target on host '127.0.0.1' and port '3121'.
19:18:26 INFO  : Jtag cable 'Digilent JTAG-HS1 210259982163' is selected.
19:18:26 INFO  : 'jtag frequency' command is executed.
19:18:26 INFO  : Sourcing of 'F:/ZYNQ/Embedded_System/axi_gpio/axi_gpio.sdk/system_wrapper_hw_platform_0/ps7_init.tcl' is done.
19:18:26 INFO  : Context for 'APU' is selected.
19:18:26 INFO  : Hardware design information is loaded from 'F:/ZYNQ/Embedded_System/axi_gpio/axi_gpio.sdk/system_wrapper_hw_platform_0/system.hdf'.
19:18:26 INFO  : 'configparams force-mem-access 1' command is executed.
19:18:26 INFO  : Context for 'APU' is selected.
19:18:26 INFO  : 'stop' command is executed.
19:18:26 INFO  : 'ps7_init' command is executed.
19:18:26 INFO  : 'ps7_post_config' command is executed.
19:18:26 INFO  : Context for processor 'ps7_cortexa9_0' is selected.
19:18:26 INFO  : Processor reset is completed for 'ps7_cortexa9_0'.
19:18:26 INFO  : Context for processor 'ps7_cortexa9_0' is selected.
19:18:27 INFO  : The application 'F:/ZYNQ/Embedded_System/axi_gpio/axi_gpio.sdk/axi_gpio/Debug/axi_gpio.elf' is downloaded to processor 'ps7_cortexa9_0'.
19:18:27 INFO  : 'configparams force-mem-access 0' command is executed.
19:18:27 INFO  : ----------------XSDB Script----------------
connect -url tcp:127.0.0.1:3121
source F:/ZYNQ/Embedded_System/axi_gpio/axi_gpio.sdk/system_wrapper_hw_platform_0/ps7_init.tcl
targets -set -nocase -filter {name =~"APU*" && jtag_cable_name =~ "Digilent JTAG-HS1 210259982163"} -index 0
loadhw -hw F:/ZYNQ/Embedded_System/axi_gpio/axi_gpio.sdk/system_wrapper_hw_platform_0/system.hdf -mem-ranges [list {0x40000000 0xbfffffff}]
configparams force-mem-access 1
targets -set -nocase -filter {name =~"APU*" && jtag_cable_name =~ "Digilent JTAG-HS1 210259982163"} -index 0
stop
ps7_init
ps7_post_config
targets -set -nocase -filter {name =~ "ARM*#0" && jtag_cable_name =~ "Digilent JTAG-HS1 210259982163"} -index 0
rst -processor
targets -set -nocase -filter {name =~ "ARM*#0" && jtag_cable_name =~ "Digilent JTAG-HS1 210259982163"} -index 0
dow F:/ZYNQ/Embedded_System/axi_gpio/axi_gpio.sdk/axi_gpio/Debug/axi_gpio.elf
configparams force-mem-access 0
----------------End of Script----------------

19:18:27 INFO  : Memory regions updated for context APU
19:18:27 INFO  : Context for processor 'ps7_cortexa9_0' is selected.
19:18:27 INFO  : 'con' command is executed.
19:18:27 INFO  : ----------------XSDB Script (After Launch)----------------
targets -set -nocase -filter {name =~ "ARM*#0" && jtag_cable_name =~ "Digilent JTAG-HS1 210259982163"} -index 0
con
----------------End of Script----------------

19:18:27 INFO  : Launch script is exported to file 'F:\ZYNQ\Embedded_System\axi_gpio\axi_gpio.sdk\.sdk\launch_scripts\xilinx_c-c++_application_(system_debugger)\system_debugger_using_debug_axi_gpio.elf_on_local.tcl'
19:29:39 INFO  : SDK has detected change in the last modified timestamps for source hardware specification file Source:1571052186827,  Project:1571051117410
19:29:39 INFO  : Project system_wrapper_hw_platform_0's source hardware specification located at F:/ZYNQ/Embedded_System/axi_gpio/axi_gpio.sdk/system_wrapper.hdf is now different from the local copy.
		 The local copy will be replaced with the source specification and your workspace will be updated.
19:29:41 INFO  : Copied contents of F:/ZYNQ/Embedded_System/axi_gpio/axi_gpio.sdk/system_wrapper.hdf into \system_wrapper_hw_platform_0\system.hdf.
19:29:44 INFO  : Synchronizing projects in the workspace with the hardware platform specification changes.
19:29:46 INFO  : 
19:29:47 INFO  : Updating hardware inferred compiler options for axi_gpio.
19:29:47 INFO  : Clearing existing target manager status.
19:30:29 INFO  : Refreshed build settings on project axi_gpio
20:03:47 INFO  : Invoking Bootgen: bootgen -image output.bif -arch zynq -o F:\ZYNQ\Embedded_System\axi_gpio\axi_gpio.sdk\FSBL\bootimage\BOOT.bin
20:03:47 INFO  : Creating new bif file F:\ZYNQ\Embedded_System\axi_gpio\axi_gpio.sdk\FSBL\bootimage\output.bif
20:03:49 INFO  : Bootgen command execution is done.
20:58:16 INFO  : Disconnected from the channel tcfchan#1.
21:03:56 INFO  : Registering command handlers for SDK TCF services
21:03:57 INFO  : Launching XSCT server: xsct.bat -interactive F:\ZYNQ\Embedded_System\axi_gpio_fsbl\axi_gpio.sdk\temp_xsdb_launch_script.tcl
21:03:59 INFO  : XSCT server has started successfully.
21:03:59 INFO  : Successfully done setting XSCT server connection channel  
21:04:00 INFO  : Successfully done setting SDK workspace  
21:04:00 INFO  : Processing command line option -hwspec F:/ZYNQ/Embedded_System/axi_gpio_fsbl/axi_gpio.sdk/system_wrapper.hdf.
14:05:37 INFO  : Registering command handlers for SDK TCF services
14:05:38 INFO  : Launching XSCT server: xsct.bat -interactive E:\Users\milk\deskdop\ZYNQ\4_SourceCode\2_Embedded_System\ZYNQ_7020_SDK\7_axi_gpio_fsbl\axi_gpio.sdk\temp_xsdb_launch_script.tcl
14:05:40 INFO  : XSCT server has started successfully.
14:05:40 INFO  : Successfully done setting XSCT server connection channel  
14:05:40 INFO  : Successfully done setting SDK workspace  
14:05:40 INFO  : Processing command line option -hwspec E:/Users/milk/deskdop/ZYNQ/4_SourceCode/2_Embedded_System/ZYNQ_7020_SDK/7_axi_gpio_fsbl/axi_gpio.sdk/system_wrapper.hdf.
20:21:58 INFO  : Launching XSCT server: xsct.bat -interactive E:\Users\milk\deskdop\FINAL\final_3\axi_gpio.sdk\temp_xsdb_launch_script.tcl
20:22:00 INFO  : XSCT server has started successfully.
20:22:03 INFO  : Successfully done setting XSCT server connection channel  
20:22:03 INFO  : Successfully done setting SDK workspace  
20:22:06 INFO  : Registering command handlers for SDK TCF services
20:22:06 INFO  : Processing command line option -hwspec E:/Users/milk/deskdop/FINAL/final_3/axi_gpio.sdk/system_wrapper.hdf.
20:26:04 INFO  : No changes in MSS file content so not generating sources.
20:34:38 INFO  : Invoking Bootgen: bootgen -image filter.bif -arch zynq -o E:\Users\milk\deskdop\FINAL\final_3\axi_gpio.sdk\filter\bootimage\BOOT.bin
20:34:38 INFO  : Creating new bif file E:\Users\milk\deskdop\FINAL\final_3\axi_gpio.sdk\filter\bootimage\filter.bif
20:34:41 INFO  : Bootgen command execution is done.
20:56:52 INFO  : Connected to target on host '127.0.0.1' and port '3121'.
20:56:52 INFO  : Jtag cable 'Digilent JTAG-HS1 210512180081' is selected.
20:56:52 INFO  : 'jtag frequency' command is executed.
20:56:52 INFO  : Sourcing of 'E:/Users/milk/deskdop/FINAL/final_3/axi_gpio.sdk/system_wrapper_hw_platform_0/ps7_init.tcl' is done.
20:56:52 INFO  : Context for 'APU' is selected.
20:56:53 INFO  : System reset is completed.
20:56:56 INFO  : 'after 3000' command is executed.
20:56:56 INFO  : 'targets -set -filter {jtag_cable_name =~ "Digilent JTAG-HS1 210512180081" && level==0} -index 1' command is executed.
20:56:59 INFO  : FPGA configured successfully with bitstream "E:/Users/milk/deskdop/FINAL/final_3/axi_gpio.sdk/system_wrapper_hw_platform_0/system_wrapper.bit"
20:56:59 INFO  : Context for 'APU' is selected.
20:56:59 INFO  : Hardware design information is loaded from 'E:/Users/milk/deskdop/FINAL/final_3/axi_gpio.sdk/system_wrapper_hw_platform_0/system.hdf'.
20:56:59 INFO  : 'configparams force-mem-access 1' command is executed.
20:56:59 INFO  : Context for 'APU' is selected.
20:57:00 INFO  : 'ps7_init' command is executed.
20:57:00 INFO  : 'ps7_post_config' command is executed.
20:57:00 INFO  : Context for processor 'ps7_cortexa9_0' is selected.
20:57:00 INFO  : The application 'E:/Users/milk/deskdop/FINAL/final_3/axi_gpio.sdk/axi_gpio/Debug/axi_gpio.elf' is downloaded to processor 'ps7_cortexa9_0'.
20:57:00 INFO  : 'configparams force-mem-access 0' command is executed.
20:57:00 INFO  : ----------------XSDB Script----------------
connect -url tcp:127.0.0.1:3121
source E:/Users/milk/deskdop/FINAL/final_3/axi_gpio.sdk/system_wrapper_hw_platform_0/ps7_init.tcl
targets -set -nocase -filter {name =~"APU*" && jtag_cable_name =~ "Digilent JTAG-HS1 210512180081"} -index 0
rst -system
after 3000
targets -set -filter {jtag_cable_name =~ "Digilent JTAG-HS1 210512180081" && level==0} -index 1
fpga -file E:/Users/milk/deskdop/FINAL/final_3/axi_gpio.sdk/system_wrapper_hw_platform_0/system_wrapper.bit
targets -set -nocase -filter {name =~"APU*" && jtag_cable_name =~ "Digilent JTAG-HS1 210512180081"} -index 0
loadhw -hw E:/Users/milk/deskdop/FINAL/final_3/axi_gpio.sdk/system_wrapper_hw_platform_0/system.hdf -mem-ranges [list {0x40000000 0xbfffffff}]
configparams force-mem-access 1
targets -set -nocase -filter {name =~"APU*" && jtag_cable_name =~ "Digilent JTAG-HS1 210512180081"} -index 0
ps7_init
ps7_post_config
targets -set -nocase -filter {name =~ "ARM*#0" && jtag_cable_name =~ "Digilent JTAG-HS1 210512180081"} -index 0
dow E:/Users/milk/deskdop/FINAL/final_3/axi_gpio.sdk/axi_gpio/Debug/axi_gpio.elf
configparams force-mem-access 0
----------------End of Script----------------

20:57:00 INFO  : Memory regions updated for context APU
20:57:00 INFO  : Context for processor 'ps7_cortexa9_0' is selected.
20:57:00 INFO  : 'con' command is executed.
20:57:00 INFO  : ----------------XSDB Script (After Launch)----------------
targets -set -nocase -filter {name =~ "ARM*#0" && jtag_cable_name =~ "Digilent JTAG-HS1 210512180081"} -index 0
con
----------------End of Script----------------

20:57:00 INFO  : Launch script is exported to file 'E:\Users\milk\deskdop\FINAL\final_3\axi_gpio.sdk\.sdk\launch_scripts\xilinx_c-c++_application_(system_debugger)\system_debugger_using_debug_axi_gpio.elf_on_local.tcl'
22:09:51 INFO  : SDK has detected change in the last modified timestamps for source hardware specification file Source:1636726163294,  Project:1636719664808
22:09:51 INFO  : Project system_wrapper_hw_platform_3's source hardware specification located at E:/Users/milk/deskdop/FINAL/final_3/axi_gpio.sdk/system_wrapper.hdf is now different from the local copy.
		 The local copy will be replaced with the source specification and your workspace will be updated.
22:09:59 INFO  : Copied contents of E:/Users/milk/deskdop/FINAL/final_3/axi_gpio.sdk/system_wrapper.hdf into \system_wrapper_hw_platform_3\system.hdf.
22:10:02 INFO  : Synchronizing projects in the workspace with the hardware platform specification changes.
22:10:02 INFO  : Clearing existing target manager status.
22:10:02 INFO  : Workspace synchronized with the new hardware specification file. Cleaning dependent projects...
22:10:02 WARN  : Linker script will not be updated automatically. Users need to update it manually.
22:10:45 INFO  : Disconnected from the channel tcfchan#1.
22:11:00 INFO  : Launching XSCT server: xsct.bat -interactive E:\Users\milk\deskdop\FINAL\final_3\axi_gpio.sdk\temp_xsdb_launch_script.tcl
22:11:02 INFO  : XSCT server has started successfully.
22:11:02 INFO  : Successfully done setting XSCT server connection channel  
22:11:04 INFO  : Successfully done setting SDK workspace  
22:11:07 INFO  : Registering command handlers for SDK TCF services
22:11:07 INFO  : Processing command line option -hwspec E:/Users/milk/deskdop/FINAL/final_3/axi_gpio.sdk/system_wrapper.hdf.
22:11:07 INFO  : Checking for hwspec changes in the project system_wrapper_hw_platform_3.
22:16:20 INFO  : No changes in MSS file content so not generating sources.
22:17:42 INFO  : Invoking Bootgen: bootgen -image receiver.bif -arch zynq -o E:\Users\milk\deskdop\FINAL\final_3\axi_gpio.sdk\receiver\bootimage\BOOT.bin
22:17:42 INFO  : Creating new bif file E:\Users\milk\deskdop\FINAL\final_3\axi_gpio.sdk\receiver\bootimage\receiver.bif
22:17:44 INFO  : Bootgen command execution is done.
22:22:20 INFO  : Connected to target on host '127.0.0.1' and port '3121'.
22:22:21 INFO  : Jtag cable 'Digilent JTAG-HS1 210512180081' is selected.
22:22:21 INFO  : 'jtag frequency' command is executed.
22:22:21 INFO  : Sourcing of 'E:/Users/milk/deskdop/FINAL/final_3/axi_gpio.sdk/system_wrapper_hw_platform_0/ps7_init.tcl' is done.
22:22:21 INFO  : Context for 'APU' is selected.
22:22:21 INFO  : System reset is completed.
22:22:24 INFO  : 'after 3000' command is executed.
22:22:24 INFO  : 'targets -set -filter {jtag_cable_name =~ "Digilent JTAG-HS1 210512180081" && level==0} -index 1' command is executed.
22:22:27 INFO  : FPGA configured successfully with bitstream "E:/Users/milk/deskdop/FINAL/final_3/axi_gpio.sdk/system_wrapper_hw_platform_0/system_wrapper.bit"
22:22:28 INFO  : Context for 'APU' is selected.
22:22:28 INFO  : Hardware design information is loaded from 'E:/Users/milk/deskdop/FINAL/final_3/axi_gpio.sdk/system_wrapper_hw_platform_0/system.hdf'.
22:22:28 INFO  : 'configparams force-mem-access 1' command is executed.
22:22:28 INFO  : Context for 'APU' is selected.
22:22:28 INFO  : 'ps7_init' command is executed.
22:22:28 INFO  : 'ps7_post_config' command is executed.
22:22:28 INFO  : Context for processor 'ps7_cortexa9_0' is selected.
22:22:28 INFO  : The application 'E:/Users/milk/deskdop/FINAL/final_3/axi_gpio.sdk/axi_gpio/Debug/axi_gpio.elf' is downloaded to processor 'ps7_cortexa9_0'.
22:22:28 INFO  : 'configparams force-mem-access 0' command is executed.
22:22:28 INFO  : ----------------XSDB Script----------------
connect -url tcp:127.0.0.1:3121
source E:/Users/milk/deskdop/FINAL/final_3/axi_gpio.sdk/system_wrapper_hw_platform_0/ps7_init.tcl
targets -set -nocase -filter {name =~"APU*" && jtag_cable_name =~ "Digilent JTAG-HS1 210512180081"} -index 0
rst -system
after 3000
targets -set -filter {jtag_cable_name =~ "Digilent JTAG-HS1 210512180081" && level==0} -index 1
fpga -file E:/Users/milk/deskdop/FINAL/final_3/axi_gpio.sdk/system_wrapper_hw_platform_0/system_wrapper.bit
targets -set -nocase -filter {name =~"APU*" && jtag_cable_name =~ "Digilent JTAG-HS1 210512180081"} -index 0
loadhw -hw E:/Users/milk/deskdop/FINAL/final_3/axi_gpio.sdk/system_wrapper_hw_platform_0/system.hdf -mem-ranges [list {0x40000000 0xbfffffff}]
configparams force-mem-access 1
targets -set -nocase -filter {name =~"APU*" && jtag_cable_name =~ "Digilent JTAG-HS1 210512180081"} -index 0
ps7_init
ps7_post_config
targets -set -nocase -filter {name =~ "ARM*#0" && jtag_cable_name =~ "Digilent JTAG-HS1 210512180081"} -index 0
dow E:/Users/milk/deskdop/FINAL/final_3/axi_gpio.sdk/axi_gpio/Debug/axi_gpio.elf
configparams force-mem-access 0
----------------End of Script----------------

22:22:28 INFO  : Memory regions updated for context APU
22:22:28 INFO  : Context for processor 'ps7_cortexa9_0' is selected.
22:22:28 INFO  : 'con' command is executed.
22:22:28 INFO  : ----------------XSDB Script (After Launch)----------------
targets -set -nocase -filter {name =~ "ARM*#0" && jtag_cable_name =~ "Digilent JTAG-HS1 210512180081"} -index 0
con
----------------End of Script----------------

22:22:28 INFO  : Launch script is exported to file 'E:\Users\milk\deskdop\FINAL\final_3\axi_gpio.sdk\.sdk\launch_scripts\xilinx_c-c++_application_(system_debugger)\system_debugger_using_debug_axi_gpio.elf_on_local.tcl'
23:40:42 INFO  : Disconnected from the channel tcfchan#1.
23:40:43 INFO  : Connected to target on host '127.0.0.1' and port '3121'.
23:40:44 INFO  : Jtag cable 'Digilent JTAG-HS1 210512180081' is selected.
23:40:44 INFO  : 'jtag frequency' command is executed.
23:40:44 INFO  : Sourcing of 'E:/Users/milk/deskdop/FINAL/final_3/axi_gpio.sdk/system_wrapper_hw_platform_0/ps7_init.tcl' is done.
23:40:44 INFO  : Context for 'APU' is selected.
23:40:44 INFO  : System reset is completed.
23:40:47 INFO  : 'after 3000' command is executed.
23:40:47 INFO  : 'targets -set -filter {jtag_cable_name =~ "Digilent JTAG-HS1 210512180081" && level==0} -index 1' command is executed.
23:40:50 INFO  : FPGA configured successfully with bitstream "E:/Users/milk/deskdop/FINAL/final_3/axi_gpio.sdk/system_wrapper_hw_platform_0/system_wrapper.bit"
23:40:50 INFO  : Context for 'APU' is selected.
23:40:52 INFO  : Hardware design information is loaded from 'E:/Users/milk/deskdop/FINAL/final_3/axi_gpio.sdk/system_wrapper_hw_platform_0/system.hdf'.
23:40:52 INFO  : 'configparams force-mem-access 1' command is executed.
23:40:52 INFO  : Context for 'APU' is selected.
23:40:52 INFO  : 'ps7_init' command is executed.
23:40:52 INFO  : 'ps7_post_config' command is executed.
23:40:52 INFO  : Context for processor 'ps7_cortexa9_0' is selected.
23:40:52 INFO  : The application 'E:/Users/milk/deskdop/FINAL/final_3/axi_gpio.sdk/axi_gpio/Debug/axi_gpio.elf' is downloaded to processor 'ps7_cortexa9_0'.
23:40:52 INFO  : 'configparams force-mem-access 0' command is executed.
23:40:52 INFO  : ----------------XSDB Script----------------
connect -url tcp:127.0.0.1:3121
source E:/Users/milk/deskdop/FINAL/final_3/axi_gpio.sdk/system_wrapper_hw_platform_0/ps7_init.tcl
targets -set -nocase -filter {name =~"APU*" && jtag_cable_name =~ "Digilent JTAG-HS1 210512180081"} -index 0
rst -system
after 3000
targets -set -filter {jtag_cable_name =~ "Digilent JTAG-HS1 210512180081" && level==0} -index 1
fpga -file E:/Users/milk/deskdop/FINAL/final_3/axi_gpio.sdk/system_wrapper_hw_platform_0/system_wrapper.bit
targets -set -nocase -filter {name =~"APU*" && jtag_cable_name =~ "Digilent JTAG-HS1 210512180081"} -index 0
loadhw -hw E:/Users/milk/deskdop/FINAL/final_3/axi_gpio.sdk/system_wrapper_hw_platform_0/system.hdf -mem-ranges [list {0x40000000 0xbfffffff}]
configparams force-mem-access 1
targets -set -nocase -filter {name =~"APU*" && jtag_cable_name =~ "Digilent JTAG-HS1 210512180081"} -index 0
ps7_init
ps7_post_config
targets -set -nocase -filter {name =~ "ARM*#0" && jtag_cable_name =~ "Digilent JTAG-HS1 210512180081"} -index 0
dow E:/Users/milk/deskdop/FINAL/final_3/axi_gpio.sdk/axi_gpio/Debug/axi_gpio.elf
configparams force-mem-access 0
----------------End of Script----------------

23:40:52 INFO  : Memory regions updated for context APU
23:40:52 INFO  : Context for processor 'ps7_cortexa9_0' is selected.
23:40:52 INFO  : 'con' command is executed.
23:40:52 INFO  : ----------------XSDB Script (After Launch)----------------
targets -set -nocase -filter {name =~ "ARM*#0" && jtag_cable_name =~ "Digilent JTAG-HS1 210512180081"} -index 0
con
----------------End of Script----------------

23:40:52 INFO  : Launch script is exported to file 'E:\Users\milk\deskdop\FINAL\final_3\axi_gpio.sdk\.sdk\launch_scripts\xilinx_c-c++_application_(system_debugger)\system_debugger_using_debug_axi_gpio.elf_on_local.tcl'
00:06:27 WARN  : channel "tcfchan#2" closed
23:57:47 INFO  : Registering command handlers for SDK TCF services
23:57:47 INFO  : Launching XSCT server: xsct.bat -interactive E:\Users\milk\deskdop\FINAL\final_3\axi_gpio.sdk\temp_xsdb_launch_script.tcl
23:57:50 INFO  : XSCT server has started successfully.
23:57:51 INFO  : Successfully done setting XSCT server connection channel  
23:57:51 INFO  : Successfully done setting SDK workspace  
23:57:51 INFO  : Processing command line option -hwspec E:/Users/milk/deskdop/FINAL/final_3/axi_gpio.sdk/system_wrapper.hdf.
23:57:51 INFO  : Checking for hwspec changes in the project system_wrapper_hw_platform_3.
11:18:10 INFO  : Registering command handlers for SDK TCF services
11:18:10 INFO  : Launching XSCT server: xsct.bat -interactive E:\Users\milk\deskdop\FINAL\final_3\axi_gpio.sdk\temp_xsdb_launch_script.tcl
11:18:13 INFO  : XSCT server has started successfully.
11:18:14 INFO  : Successfully done setting XSCT server connection channel  
11:18:14 INFO  : Successfully done setting SDK workspace  
11:18:14 INFO  : Processing command line option -hwspec E:/Users/milk/deskdop/FINAL/final_3/axi_gpio.sdk/system_wrapper.hdf.
11:18:14 INFO  : Checking for hwspec changes in the project system_wrapper_hw_platform_3.
