#-----------------------------------------------------------
# Webtalk v2018.3 (64-bit)
# SW Build 2405991 on Thu Dec  6 23:38:27 MST 2018
# 
# Start of session at: Sat Nov 13 17:39:04 2021
# Process ID: 14956
# Current directory: E:/Users/milk/deskdop/FINAL/final_3/axi_gpio.sdk/webtalk
# Command line: wbtcv.exe -mode batch -source sdk_webtalk.tcl
# Log file: E:/Users/milk/deskdop/FINAL/final_3/axi_gpio.sdk/webtalk/webtalk.log
# Journal file: E:/Users/milk/deskdop/FINAL/final_3/axi_gpio.sdk/webtalk\webtalk.jou
#-----------------------------------------------------------
source sdk_webtalk.tcl
# webtalk_init -webtalk_dir E:\\Users\\milk\\deskdop\\FINAL\\final_3\\axi_gpio.sdk\\webtalk
# webtalk_register_client -client project
# webtalk_add_data -client project -key date_generated -value "2021-11-13 17:39:02" -context "software_version_and_target_device"
# webtalk_add_data -client project -key product_version -value "SDK v2018.3" -context "software_version_and_target_device"
# webtalk_add_data -client project -key build_version -value "2018.3" -context "software_version_and_target_device"
# webtalk_add_data -client project -key os_platform -value "amd64" -context "software_version_and_target_device"
# webtalk_add_data -client project -key registration_id -value "" -context "software_version_and_target_device"
# webtalk_add_data -client project -key tool_flow -value "SDK" -context "software_version_and_target_device"
# webtalk_add_data -client project -key beta -value "false" -context "software_version_and_target_device"
# webtalk_add_data -client project -key route_design -value "NA" -context "software_version_and_target_device"
# webtalk_add_data -client project -key target_family -value "NA" -context "software_version_and_target_device"
# webtalk_add_data -client project -key target_device -value "NA" -context "software_version_and_target_device"
# webtalk_add_data -client project -key target_package -value "NA" -context "software_version_and_target_device"
# webtalk_add_data -client project -key target_speed -value "NA" -context "software_version_and_target_device"
# webtalk_add_data -client project -key random_id -value "oioltgcijd6eqruc6umuii5v82" -context "software_version_and_target_device"
# webtalk_add_data -client project -key project_id -value "2018.3_10" -context "software_version_and_target_device"
# webtalk_add_data -client project -key project_iteration -value "10" -context "software_version_and_target_device"
# webtalk_add_data -client project -key os_name -value "Microsoft Windows 8 or later , 64-bit" -context "user_environment"
# webtalk_add_data -client project -key os_release -value "major release  (build 9200)" -context "user_environment"
# webtalk_add_data -client project -key cpu_name -value "Intel(R) Core(TM) i7-8565U CPU @ 1.80GHz" -context "user_environment"
# webtalk_add_data -client project -key cpu_speed -value "1992 MHz" -context "user_environment"
# webtalk_add_data -client project -key total_processors -value "1" -context "user_environment"
# webtalk_add_data -client project -key system_ram -value "8.428 GB" -context "user_environment"
# webtalk_register_client -client sdk
# webtalk_add_data -client sdk -key uid -value "1636726513696" -context "sdk\\\\bsp/1636726513696"
# webtalk_add_data -client sdk -key hwid -value "1636719729586" -context "sdk\\\\bsp/1636726513696"
# webtalk_add_data -client sdk -key os -value "standalone" -context "sdk\\\\bsp/1636726513696"
# webtalk_add_data -client sdk -key apptemplate -value "zynq_fsbl" -context "sdk\\\\bsp/1636726513696"
# webtalk_add_data -client sdk -key RecordType -value "BSPCreation" -context "sdk\\\\bsp/1636726513696"
# webtalk_add_data -client sdk -key uid -value "1636726519786" -context "sdk\\\\application/1636726519786"
# webtalk_add_data -client sdk -key hwid -value "1636719729586" -context "sdk\\\\application/1636726519786"
# webtalk_add_data -client sdk -key bspid -value "1636726513696" -context "sdk\\\\application/1636726519786"
# webtalk_add_data -client sdk -key newbsp -value "true" -context "sdk\\\\application/1636726519786"
# webtalk_add_data -client sdk -key os -value "standalone" -context "sdk\\\\application/1636726519786"
# webtalk_add_data -client sdk -key apptemplate -value "zynq_fsbl" -context "sdk\\\\application/1636726519786"
# webtalk_add_data -client sdk -key RecordType -value "APPCreation" -context "sdk\\\\application/1636726519786"
# webtalk_add_data -client sdk -key LangUsed -value "C" -context "sdk\\\\application/1636726519786"
# webtalk_add_data -client sdk -key Procused -value "ps7_cortexa9" -context "sdk\\\\application/1636726519786"
# webtalk_add_data -client sdk -key projSize -value "592.19921875" -context "sdk\\\\application/1636726519786"
# webtalk_add_data -client sdk -key uid -value "NA" -context "sdk\\\\bsp/1636796342440"
# webtalk_add_data -client sdk -key RecordType -value "ToolUsage" -context "sdk\\\\bsp/1636796342440"
# webtalk_add_data -client sdk -key BootgenCount -value "1" -context "sdk\\\\bsp/1636796342440"
# webtalk_add_data -client sdk -key DebugCount -value "2" -context "sdk\\\\bsp/1636796342440"
# webtalk_add_data -client sdk -key PerfCount -value "0" -context "sdk\\\\bsp/1636796342440"
# webtalk_add_data -client sdk -key FlashCount -value "1" -context "sdk\\\\bsp/1636796342440"
# webtalk_add_data -client sdk -key CrossTriggCount -value "0" -context "sdk\\\\bsp/1636796342440"
# webtalk_add_data -client sdk -key QemuDebugCount -value "0" -context "sdk\\\\bsp/1636796342440"
# webtalk_transmit -clientid 9207824 -regid "" -xml E:\\Users\\milk\\deskdop\\FINAL\\final_3\\axi_gpio.sdk\\webtalk\\usage_statistics_ext_sdk.xml -html E:\\Users\\milk\\deskdop\\FINAL\\final_3\\axi_gpio.sdk\\webtalk\\usage_statistics_ext_sdk.html -wdm E:\\Users\\milk\\deskdop\\FINAL\\final_3\\axi_gpio.sdk\\webtalk\\sdk_webtalk.wdm -intro "<H3>SDK Usage Report</H3><BR>"
# webtalk_terminate
INFO: [Common 17-206] Exiting Webtalk at Sat Nov 13 17:39:10 2021...
